2025-03-26 09:40:39.635 [info] Log level: Info
2025-03-26 09:40:39.635 [info] VSCODE_MACHINE_ID: someValue.machineId
2025-03-26 09:40:39.635 [info] VSCODE_SESSION_ID: someValue.sessionId
2025-03-26 09:40:39.635 [info] VSCODE_VERSION: 1.98.2
2025-03-26 09:40:39.635 [info] VSCODE_APP_NAME: Gitpod Code
2025-03-26 09:40:39.635 [info] VSCODE_APP_HOST: Gitpod
2025-03-26 09:40:39.635 [info] VSCODE_UI_KIND: web
2025-03-26 09:40:39.635 [info] GITPOD_WORKSPACE_CONTEXT_URL: https://github.com/freeCodeCamp/learn-bash-by-building-a-boilerplate
2025-03-26 09:40:39.635 [info] GITPOD_INSTANCE_ID: 36bf10f4-dc58-4def-928b-dafc3f5f89ac
2025-03-26 09:40:39.635 [info] GITPOD_WORKSPACE_URL: https://freecodecam-learnbashby-zd0eo0jy24z.ws-eu118.gitpod.io
2025-03-26 09:40:39.635 [info] Gitpod Web 3953e81
2025-03-26 09:40:39.635 [info] Reading sessions from keychain...
2025-03-26 09:40:39.918 [info] Getting sessions for all scopes...
2025-03-26 09:40:39.918 [info] Getting sessions for all scopes...
2025-03-26 09:40:39.918 [info] Getting GitHub sessions for all scopes...
2025-03-26 09:40:39.918 [info] Getting sessions for function:accessCodeSyncStorage...
2025-03-26 09:40:39.918 [info] Got stored sessions!
2025-03-26 09:40:39.944 [info] Verified session with the following scopes: function:accessCodeSyncStorage function:closePort function:controlAdmission function:deleteEnvVar function:generateNewGitpodToken function:getDefaultWorkspaceImage function:getGitpodTokenScopes function:getIDToken function:getLoggedInUser function:getOpenPorts function:getSupportedWorkspaceClasses function:getTeams function:getToken function:getWorkspace function:getWorkspaceEnvVars function:getWorkspaceOwner function:getWorkspaceTimeout function:getWorkspaceUsers function:guessGitTokenScopes function:isWorkspaceOwner function:openPort function:sendHeartBeat function:setEnvVar function:setWorkspaceTimeout function:stopWorkspace function:takeSnapshot function:trackEvent function:updateGitStatus function:waitForSnapshot resource:contentBlob::*::create/get resource:envVar::*/**::update resource:envVar::*/*::update resource:envVar::freeCodeCamp/learn-bash-by-building-a-boilerplate::create/get/update/delete resource:gitpodToken::*::create resource:snapshot::ws-freecodecam-learnbashby-zd0eo0jy24z::create resource:token::*::get resource:userStorage::*::create/get/update resource:workspace::freecodecam-learnbashby-zd0eo0jy24z::get/update resource:workspaceInstance::36bf10f4-dc58-4def-928b-dafc3f5f89ac::get/update/delete
2025-03-26 09:40:39.944 [info] Got 1 verified sessions.
2025-03-26 09:40:39.944 [info] Got 1 sessions for all scopes...
2025-03-26 09:40:39.944 [info] Got 1 sessions for all scopes...
2025-03-26 09:40:39.944 [info] Got 1 sessions for function:accessCodeSyncStorage...
2025-03-26 09:40:40.203 [info] Got 1 GitHub sessions for all scopes...
2025-03-26 09:40:40.597 [info] Getting GitHub sessions for all scopes...
2025-03-26 09:40:40.597 [info] Getting sessions for all scopes...
2025-03-26 09:40:40.597 [info] Got 1 GitHub sessions for all scopes...
2025-03-26 09:40:40.597 [info] Got 1 sessions for all scopes...
2025-03-26 09:40:40.902 [info] Getting GitHub sessions for all scopes...
2025-03-26 09:40:40.902 [info] Got 1 GitHub sessions for all scopes...
2025-03-26 09:40:40.958 [info] Getting GitHub sessions for read:user,repo,user:email,workflow...
2025-03-26 09:40:40.958 [info] Got 0 GitHub sessions for read:user,repo,user:email,workflow...
2025-03-26 09:40:42.142 [info] Getting sessions for all scopes...
2025-03-26 09:40:42.142 [info] Getting GitHub sessions for all scopes...
2025-03-26 09:40:42.142 [info] Got 1 sessions for all scopes...
2025-03-26 09:40:42.142 [info] Got 1 GitHub sessions for all scopes...
2025-03-26 09:40:43.351 [info] Getting GitHub sessions for project,read:org,read:user,repo,user:email,workflow...
2025-03-26 09:40:43.351 [info] Got 0 GitHub sessions for project,read:org,read:user,repo,user:email,workflow...
2025-03-26 09:40:44.185 [info] Getting GitHub sessions for read:user,repo,user:email,workflow...
2025-03-26 09:40:44.185 [info] Got 0 GitHub sessions for read:user,repo,user:email,workflow...
2025-03-26 09:40:44.821 [info] Getting GitHub sessions for read:user,repo,user:email...
2025-03-26 09:40:44.821 [info] Got 0 GitHub sessions for read:user,repo,user:email...
2025-03-26 09:40:45.383 [info] Getting GitHub sessions for read:user,repo,user:email,workflow...
2025-03-26 09:40:45.383 [info] Got 0 GitHub sessions for read:user,repo,user:email,workflow...
