2025-03-25 23:15:22.952 [info] [main] Log level: Info
2025-03-25 23:15:22.952 [info] [main] Validating found git in: "git"
2025-03-25 23:15:22.952 [info] [main] Using git "2.43.0" from "git"
2025-03-25 23:15:22.952 [info] [Model][doInitialScan] Initial repository scan started
2025-03-25 23:15:22.952 [info] > git rev-parse --show-toplevel [2ms]
2025-03-25 23:15:22.952 [info] > git rev-parse --git-dir --git-common-dir [7ms]
2025-03-25 23:15:22.952 [info] [Model][openRepository] Opened repository: /workspace/project
2025-03-25 23:15:22.952 [info] > git rev-parse --show-toplevel [49ms]
2025-03-25 23:15:22.952 [info] > git config --get commit.template [54ms]
2025-03-25 23:15:22.952 [info] > git rev-parse --show-toplevel [28ms]
2025-03-25 23:15:22.952 [info] > git for-each-ref --format=%(refname)%00%(upstream:short)%00%(objectname)%00%(upstream:track)%00%(upstream:remotename)%00%(upstream:remoteref) refs/heads/main refs/remotes/main [28ms]
2025-03-25 23:15:22.952 [warning] [Git][revParse] Unable to read file: ENOENT: no such file or directory, open '/workspace/project/.git/refs/remotes/origin/main'
2025-03-25 23:15:22.952 [info] > git rev-parse --show-toplevel [5ms]
2025-03-25 23:15:22.952 [info] [Model][doInitialScan] Initial repository scan completed - repositories (1), closed repositories (0), parent repositories (0), unsafe repositories (0)
2025-03-25 23:15:22.952 [info] > git rev-parse refs/remotes/origin/main [2ms]
2025-03-25 23:15:22.952 [info] > git status -z -uall [8ms]
2025-03-25 23:15:22.952 [info] > git for-each-ref --sort -committerdate --format %(refname) %(objectname) %(*objectname) [6ms]
2025-03-25 23:15:22.952 [info] > git config --get commit.template [4ms]
2025-03-25 23:15:22.952 [info] > git for-each-ref --format=%(refname)%00%(upstream:short)%00%(objectname)%00%(upstream:track)%00%(upstream:remotename)%00%(upstream:remoteref) refs/heads/main refs/remotes/main [10ms]
2025-03-25 23:15:22.952 [info] > git config --get --local branch.main.vscode-merge-base [4ms]
2025-03-25 23:15:22.952 [info] > git for-each-ref --format=%(refname)%00%(upstream:short)%00%(objectname)%00%(upstream:track)%00%(upstream:remotename)%00%(upstream:remoteref) refs/heads/origin/main refs/remotes/origin/main [2ms]
2025-03-25 23:15:22.952 [info] > git for-each-ref --format=%(refname)%00%(upstream:short)%00%(objectname)%00%(upstream:track)%00%(upstream:remotename)%00%(upstream:remoteref) refs/heads/main refs/remotes/main [12ms]
2025-03-25 23:15:22.952 [warning] [Git][revParse] Unable to read file: ENOENT: no such file or directory, open '/workspace/project/.git/refs/remotes/origin/main'
2025-03-25 23:15:22.952 [info] > git rev-parse refs/remotes/origin/main [1ms]
2025-03-25 23:15:22.952 [info] > git merge-base refs/heads/main refs/remotes/origin/main [12ms]
2025-03-25 23:15:22.952 [info] > git status -z -uall [8ms]
2025-03-25 23:15:22.952 [info] > git for-each-ref --sort -committerdate --format %(refname) %(objectname) %(*objectname) [5ms]
2025-03-25 23:15:22.953 [info] > git diff --name-status -z --diff-filter=ADMR b47da2f1aefd5ecd3a04aaf48b0ac5b8b779948b...refs/remotes/origin/main [16ms]
2025-03-25 23:15:22.953 [info] > git merge-base refs/heads/main refs/remotes/origin/main [8ms]
2025-03-25 23:15:22.953 [info] > git diff --name-status -z --diff-filter=ADMR b47da2f1aefd5ecd3a04aaf48b0ac5b8b779948b...refs/remotes/origin/main [2ms]
2025-03-25 23:15:23.809 [info] > git check-ignore -v -z --stdin [2ms]
2025-03-25 23:15:24.562 [info] > git check-ignore -v -z --stdin [2ms]
2025-03-25 23:15:33.283 [info] > git config --get --local branch.main.github-pr-owner-number [2ms]
2025-03-25 23:15:33.283 [warning] [Git][config] git config failed: Failed to execute git
