2025-03-25 23:10:37.997 [warning] /home/gitpod/.ssh/config: ENOENT: no such file or directory, open '/home/gitpod/.ssh/config'
2025-03-25 23:10:37.997 [info] [Activation] Extension version: 0.106.0
2025-03-25 23:10:40.506 [info] [Activation] Looking for git repository
2025-03-25 23:10:40.506 [info] [Activation] Found 0 repositories during activation
2025-03-25 23:10:40.506 [info] [Activation] Git repository found, initializing review manager and pr tree view.
2025-03-25 23:10:40.510 [info] [GitAPI] Registering git provider
2025-03-25 23:10:40.510 [info] [Review+0] Validate state in progress
2025-03-25 23:10:40.510 [info] [Review+0] Validating state...
2025-03-25 23:10:40.714 [info] [FolderRepositoryManager+0] Found GitHub remote for folder /workspace/project
2025-03-25 23:10:40.716 [info] [FolderRepositoryManager+0] Trying to use globalState for assignableUsers.
2025-03-25 23:10:40.724 [info] [Review+0] No matching pull request metadata found locally for current branch main
2025-03-25 23:10:40.724 [info] [Review+0] No matching pull request metadata found on GitHub for current branch main
2025-03-25 23:10:40.949 [info] [FolderRepositoryManager+0] GlobalState does not exist for assignableUsers.
2025-03-25 23:14:58.280 [info] [Activation] Repo state for file:///workspace/project changed.
2025-03-25 23:14:58.280 [info] [Activation] Repo file:///workspace/project has already been setup.
2025-03-25 23:35:13.181 [info] [Review+0] Validate state in progress
2025-03-25 23:35:13.181 [info] [Review+0] Validating state...
2025-03-25 23:35:13.675 [info] [FolderRepositoryManager+0] Found GitHub remote for folder /workspace/project
2025-03-25 23:35:13.675 [info] [FolderRepositoryManager+0] Using in-memory cached assignable users.
2025-03-25 23:35:13.682 [info] [Review+0] No matching pull request metadata found locally for current branch main
2025-03-25 23:35:13.682 [info] [Review+0] No matching pull request metadata found on GitHub for current branch main
