2025-03-25 23:13:17.812 [warning] /home/gitpod/.ssh/config: ENOENT: no such file or directory, open '/home/gitpod/.ssh/config'
2025-03-25 23:13:17.812 [info] [Activation] Extension version: 0.106.0
2025-03-25 23:13:20.255 [info] [Activation] Looking for git repository
2025-03-25 23:13:20.255 [info] [Activation] Found 0 repositories during activation
2025-03-25 23:13:20.255 [info] [Activation] Git repository found, initializing review manager and pr tree view.
2025-03-25 23:13:20.259 [info] [GitAPI] Registering git provider
2025-03-25 23:13:20.259 [info] [Review+0] Validate state in progress
2025-03-25 23:13:20.259 [info] [Review+0] Validating state...
2025-03-25 23:13:20.493 [info] [FolderRepositoryManager+0] Found GitHub remote for folder /workspace/project
2025-03-25 23:13:20.495 [info] [FolderRepositoryManager+0] Trying to use globalState for assignableUsers.
2025-03-25 23:13:20.503 [info] [Review+0] No matching pull request metadata found locally for current branch main
2025-03-25 23:13:20.504 [info] [Review+0] No matching pull request metadata found on GitHub for current branch main
2025-03-25 23:13:20.721 [info] [FolderRepositoryManager+0] GlobalState does not exist for assignableUsers.
2025-03-25 23:13:23.677 [info] [Activation] Repo state for file:///workspace/project changed.
2025-03-25 23:13:23.677 [info] [Activation] Repo file:///workspace/project has already been setup.
2025-03-25 23:33:51.553 [info] [Review+0] Validate state in progress
2025-03-25 23:33:51.553 [info] [Review+0] Validating state...
2025-03-25 23:33:51.850 [info] [FolderRepositoryManager+0] Found GitHub remote for folder /workspace/project
2025-03-25 23:33:51.851 [info] [FolderRepositoryManager+0] Using in-memory cached assignable users.
2025-03-25 23:33:51.858 [info] [Review+0] No matching pull request metadata found locally for current branch main
2025-03-25 23:33:51.858 [info] [Review+0] No matching pull request metadata found on GitHub for current branch main
2025-03-25 23:36:13.460 [info] [Review+0] Validate state in progress
2025-03-25 23:36:13.460 [info] [Review+0] Validating state...
2025-03-25 23:36:13.780 [info] [FolderRepositoryManager+0] Found GitHub remote for folder /workspace/project
2025-03-25 23:36:13.781 [info] [FolderRepositoryManager+0] Using in-memory cached assignable users.
2025-03-25 23:36:13.788 [info] [Review+0] No matching pull request metadata found locally for current branch main
2025-03-25 23:36:13.788 [info] [Review+0] No matching pull request metadata found on GitHub for current branch main
