2025-03-25 21:08:38.303 [warning] /home/gitpod/.ssh/config: ENOENT: no such file or directory, open '/home/gitpod/.ssh/config'
2025-03-25 21:08:38.303 [info] [Activation] Extension version: 0.106.0
2025-03-25 21:08:41.268 [info] [Activation] Looking for git repository
2025-03-25 21:08:41.268 [info] [Activation] Found 0 repositories during activation
2025-03-25 21:08:41.268 [info] [Activation] Git repository found, initializing review manager and pr tree view.
2025-03-25 21:08:41.274 [info] [GitAPI] Registering git provider
2025-03-25 21:08:41.274 [info] [Review+0] Validate state in progress
2025-03-25 21:08:41.274 [info] [Review+0] Validating state...
2025-03-25 21:08:41.485 [info] [FolderRepositoryManager+0] Found GitHub remote for folder /workspace/project
2025-03-25 21:08:41.486 [info] [FolderRepositoryManager+0] Trying to use globalState for assignableUsers.
2025-03-25 21:08:41.495 [info] [Review+0] No matching pull request metadata found locally for current branch main
2025-03-25 21:08:41.496 [info] [Review+0] No matching pull request metadata found on GitHub for current branch main
2025-03-25 21:08:41.688 [info] [FolderRepositoryManager+0] GlobalState does not exist for assignableUsers.
2025-03-25 21:08:43.209 [info] [Activation] Repo state for file:///workspace/project changed.
2025-03-25 21:08:43.209 [info] [Activation] Repo file:///workspace/project has already been setup.
2025-03-25 21:17:01.350 [info] [Review+0] Validate state in progress
2025-03-25 21:17:01.351 [info] [Review+0] Validating state...
2025-03-25 21:17:01.795 [info] [FolderRepositoryManager+0] Found GitHub remote for folder /workspace/project
2025-03-25 21:17:01.795 [info] [FolderRepositoryManager+0] Using in-memory cached assignable users.
2025-03-25 21:17:01.803 [info] [Review+0] No matching pull request metadata found locally for current branch main
2025-03-25 21:17:01.803 [info] [Review+0] No matching pull request metadata found on GitHub for current branch main
