2025-03-26 09:40:37.648 [info] Extension host with pid 15934 started
2025-03-26 09:40:37.648 [error] Error: EEXIST: file already exists, open '/workspace/.vscode-remote/data/User/workspaceStorage/-30a5d12/vscode.lock'
2025-03-26 09:40:37.651 [info] Lock '/workspace/.vscode-remote/data/User/workspaceStorage/-30a5d12/vscode.lock': Could not acquire lock, checking if the file is stale.
2025-03-26 09:40:37.652 [info] Lock '/workspace/.vscode-remote/data/User/workspaceStorage/-30a5d12/vscode.lock': The pid 126 appears to be gone.
2025-03-26 09:40:37.652 [info] Lock '/workspace/.vscode-remote/data/User/workspaceStorage/-30a5d12/vscode.lock': Deleting a stale lock.
2025-03-26 09:40:37.655 [info] Lock '/workspace/.vscode-remote/data/User/workspaceStorage/-30a5d12/vscode.lock': Lock acquired.
2025-03-26 09:40:38.081 [info] ExtensionService#_doActivateExtension gitpod.gitpod-web, startup: false, activationEvent: 'onAuthenticationRequest:gitpod'
2025-03-26 09:40:39.083 [info] ExtensionService#_doActivateExtension vscode.git-base, startup: true, activationEvent: '*', root cause: vscode.git
2025-03-26 09:40:39.410 [info] ExtensionService#_doActivateExtension vscode.git, startup: true, activationEvent: '*'
2025-03-26 09:40:39.411 [info] ExtensionService#_doActivateExtension vscode.github, startup: true, activationEvent: '*'
2025-03-26 09:40:40.108 [info] Eager extensions activated
2025-03-26 09:40:40.108 [info] ExtensionService#_doActivateExtension vscode.debug-auto-launch, startup: false, activationEvent: 'onStartupFinished'
2025-03-26 09:40:40.109 [info] ExtensionService#_doActivateExtension vscode.merge-conflict, startup: false, activationEvent: 'onStartupFinished'
2025-03-26 09:40:40.109 [info] ExtensionService#_doActivateExtension vscode.github-authentication, startup: false, activationEvent: 'onStartupFinished', root cause: GitHub.vscode-pull-request-github
2025-03-26 09:40:40.304 [info] ExtensionService#_doActivateExtension vscode.emmet, startup: false, activationEvent: 'onLanguage'
2025-03-26 09:40:40.422 [info] ExtensionService#_doActivateExtension redhat.vscode-yaml, startup: false, activationEvent: 'onLanguage:yaml'
2025-03-26 09:40:40.752 [info] ExtensionService#_doActivateExtension GitHub.vscode-pull-request-github, startup: false, activationEvent: 'onStartupFinished'
2025-03-26 09:40:41.267 [warning] [redhat.vscode-yaml] Accessing a resource scoped configuration without providing a resource is not expected. To get the effective value for '[yaml]', provide the URI of a resource or 'null' for any resource.
2025-03-26 09:40:41.273 [warning] [redhat.vscode-yaml] Accessing a resource scoped configuration without providing a resource is not expected. To get the effective value for '[yaml]', provide the URI of a resource or 'null' for any resource.
2025-03-26 09:40:42.001 [warning] [redhat.vscode-yaml] Accessing a resource scoped configuration without providing a resource is not expected. To get the effective value for '[yaml]', provide the URI of a resource or 'null' for any resource.
2025-03-26 09:40:46.067 [info] ExtensionService#_doActivateExtension vscode.configuration-editing, startup: false, activationEvent: 'onLanguage:jsonc'
2025-03-26 09:40:46.067 [info] ExtensionService#_doActivateExtension vscode.json-language-features, startup: false, activationEvent: 'onLanguage:jsonc'
2025-03-26 09:40:46.067 [info] ExtensionService#_doActivateExtension vscode.typescript-language-features, startup: false, activationEvent: 'onLanguage:jsonc'
