coderoad v0.19.4
STATE: "Setup.Startup"
ROUTE: "Setup.Startup": On level unknown, step unknown
EDITOR_STARTUP
Using tutorial url from env: https://raw.githubusercontent.com/freeCodeCamp/learn-bash-by-building-a-boilerplate/main/tutorial.json
Tutorial: Learn Bash by Building a Boilerplate (2.0.0)
START_TUTORIAL_FROM_URL
EDITOR_TUTORIAL_CONFIG
Calling command: node --version
STATE: "Setup.SetupNewTutorial"
ROUTE: "Setup.SetupNewTutorial": On level unknown, step unknown
Workspace path: /workspace/project/.git
Check file exists: /workspace/project/.git
Calling command: git ls-remote --exit-code --heads https://github.com/freeCodeCamp/learn-bash-by-building-a-boilerplate
Calling command: git ls-remote --exit-code --heads https://github.com/freeCodeCamp/learn-bash-by-building-a-boilerplate v2.0.0
Calling command: git remote -v
Calling command: git log -n 1 --pretty=format:%s 505ee3be482841a2fae70e3cb4119dbeb5428291
Calling command: git log -g --grep='INIT'
Command: ./freeCodeCamp/setup.sh
COMMAND_START
Calling command: ./freeCodeCamp/setup.sh
Command output: 
COMMAND_SUCCESS
Command: cd freeCodeCamp && npm install
COMMAND_START
Calling command: cd freeCodeCamp && npm install
STATE: "Setup.SetupNewTutorial"
ROUTE: "Setup.SetupNewTutorial": On level unknown, step unknown
STATE: "Setup.SetupNewTutorial"
ROUTE: "Setup.SetupNewTutorial": On level unknown, step unknown
STATE: "Setup.SetupNewTutorial"
ROUTE: "Setup.SetupNewTutorial": On level unknown, step unknown
Command failed: npm notice 
npm notice New major version of npm available! 10.2.3 -> 11.2.0
npm notice Changelog: <https://github.com/npm/cli/releases/tag/v11.2.0>
npm notice Run `npm install -g npm@11.2.0` to update!
npm notice 

COMMAND_FAIL
TUTORIAL_CONFIGURED
STATE: "Setup.SetupNewTutorial"
ROUTE: "Setup.SetupNewTutorial": On level unknown, step unknown
STATE: "Setup.StartTutorial"
ROUTE: "Setup.StartTutorial": On level 5, step 5.1
EDITOR_LEVEL_ENTER
EDITOR_STEP_ENTER
STATE: "Tutorial.Level.Load"
ROUTE: "Tutorial.Level.Load": On level 5, step 5.1
STATE: "Tutorial.Level.Normal"
ROUTE: "Tutorial.Level.Normal": On level 5, step 5.1
Calling command: git log -n 1 --pretty=format:%s 2d4ec65ef9a39bb38764d3c59f6390b79ec3f712
Calling command: git log -g --grep='5.1'
------------------- RUN TEST -------------------
START_TEST
COMMAND: npm run programmatic-test --reporter=mocha-tap-reporter
Calling command: npm run programmatic-test --reporter=mocha-tap-reporter
STATE: "Tutorial.Level.TestRunning"
ROUTE: "Tutorial.Level.TestRunning": On level 5, step 5.1
---------------- TEST RESULTS -----------------
TEST_FAIL
STATE: "Tutorial.Level.Normal"
ROUTE: "Tutorial.Level.Normal": On level 5, step 5.1
------------------- RUN TEST -------------------
START_TEST
COMMAND: npm run programmatic-test --reporter=mocha-tap-reporter
Calling command: npm run programmatic-test --reporter=mocha-tap-reporter
STATE: "Tutorial.Level.TestRunning"
ROUTE: "Tutorial.Level.TestRunning": On level 5, step 5.1
---------------- TEST RESULTS -----------------
TEST_FAIL
STATE: "Tutorial.Level.Normal"
ROUTE: "Tutorial.Level.Normal": On level 5, step 5.1
------------------- RUN TEST -------------------
START_TEST
COMMAND: npm run programmatic-test --reporter=mocha-tap-reporter
Calling command: npm run programmatic-test --reporter=mocha-tap-reporter
STATE: "Tutorial.Level.TestRunning"
ROUTE: "Tutorial.Level.TestRunning": On level 5, step 5.1
---------------- TEST RESULTS -----------------
TEST_FAIL
STATE: "Tutorial.Level.Normal"
ROUTE: "Tutorial.Level.Normal": On level 5, step 5.1
------------------- RUN TEST -------------------
START_TEST
COMMAND: npm run programmatic-test --reporter=mocha-tap-reporter
Calling command: npm run programmatic-test --reporter=mocha-tap-reporter
STATE: "Tutorial.Level.TestRunning"
ROUTE: "Tutorial.Level.TestRunning": On level 5, step 5.1
---------------- TEST RESULTS -----------------
TEST_FAIL
STATE: "Tutorial.Level.Normal"
ROUTE: "Tutorial.Level.Normal": On level 5, step 5.1
------------------- RUN TEST -------------------
START_TEST
COMMAND: npm run programmatic-test --reporter=mocha-tap-reporter
Calling command: npm run programmatic-test --reporter=mocha-tap-reporter
STATE: "Tutorial.Level.TestRunning"
ROUTE: "Tutorial.Level.TestRunning": On level 5, step 5.1
---------------- TEST RESULTS -----------------
TEST_FAIL
STATE: "Tutorial.Level.Normal"
ROUTE: "Tutorial.Level.Normal": On level 5, step 5.1
------------------- RUN TEST -------------------
START_TEST
COMMAND: npm run programmatic-test --reporter=mocha-tap-reporter
Calling command: npm run programmatic-test --reporter=mocha-tap-reporter
STATE: "Tutorial.Level.TestRunning"
ROUTE: "Tutorial.Level.TestRunning": On level 5, step 5.1
---------------- TEST RESULTS -----------------
TEST_FAIL
STATE: "Tutorial.Level.Normal"
ROUTE: "Tutorial.Level.Normal": On level 5, step 5.1
------------------- RUN TEST -------------------
START_TEST
COMMAND: npm run programmatic-test --reporter=mocha-tap-reporter
Calling command: npm run programmatic-test --reporter=mocha-tap-reporter
STATE: "Tutorial.Level.TestRunning"
ROUTE: "Tutorial.Level.TestRunning": On level 5, step 5.1
---------------- TEST RESULTS -----------------
TEST_FAIL
STATE: "Tutorial.Level.Normal"
ROUTE: "Tutorial.Level.Normal": On level 5, step 5.1
------------------- RUN TEST -------------------
START_TEST
COMMAND: npm run programmatic-test --reporter=mocha-tap-reporter
Calling command: npm run programmatic-test --reporter=mocha-tap-reporter
STATE: "Tutorial.Level.TestRunning"
ROUTE: "Tutorial.Level.TestRunning": On level 5, step 5.1
---------------- TEST RESULTS -----------------
TEST_FAIL
STATE: "Tutorial.Level.Normal"
ROUTE: "Tutorial.Level.Normal": On level 5, step 5.1
------------------- RUN TEST -------------------
START_TEST
COMMAND: npm run programmatic-test --reporter=mocha-tap-reporter
Calling command: npm run programmatic-test --reporter=mocha-tap-reporter
STATE: "Tutorial.Level.TestRunning"
ROUTE: "Tutorial.Level.TestRunning": On level 5, step 5.1
---------------- TEST RESULTS -----------------
TEST_FAIL
STATE: "Tutorial.Level.Normal"
ROUTE: "Tutorial.Level.Normal": On level 5, step 5.1
------------------- RUN TEST -------------------
START_TEST
COMMAND: npm run programmatic-test --reporter=mocha-tap-reporter
Calling command: npm run programmatic-test --reporter=mocha-tap-reporter
STATE: "Tutorial.Level.TestRunning"
ROUTE: "Tutorial.Level.TestRunning": On level 5, step 5.1
---------------- TEST RESULTS -----------------
TEST_FAIL
STATE: "Tutorial.Level.Normal"
ROUTE: "Tutorial.Level.Normal": On level 5, step 5.1
------------------- RUN TEST -------------------
START_TEST
COMMAND: npm run programmatic-test --reporter=mocha-tap-reporter
Calling command: npm run programmatic-test --reporter=mocha-tap-reporter
STATE: "Tutorial.Level.TestRunning"
ROUTE: "Tutorial.Level.TestRunning": On level 5, step 5.1
---------------- TEST RESULTS -----------------
TEST_FAIL
STATE: "Tutorial.Level.Normal"
ROUTE: "Tutorial.Level.Normal": On level 5, step 5.1
------------------- RUN TEST -------------------
START_TEST
COMMAND: npm run programmatic-test --reporter=mocha-tap-reporter
Calling command: npm run programmatic-test --reporter=mocha-tap-reporter
STATE: "Tutorial.Level.TestRunning"
ROUTE: "Tutorial.Level.TestRunning": On level 5, step 5.1
---------------- TEST RESULTS -----------------
TEST_FAIL
STATE: "Tutorial.Level.Normal"
ROUTE: "Tutorial.Level.Normal": On level 5, step 5.1
------------------- RUN TEST -------------------
START_TEST
COMMAND: npm run programmatic-test --reporter=mocha-tap-reporter
Calling command: npm run programmatic-test --reporter=mocha-tap-reporter
STATE: "Tutorial.Level.TestRunning"
ROUTE: "Tutorial.Level.TestRunning": On level 5, step 5.1
---------------- TEST RESULTS -----------------
TEST_FAIL
STATE: "Tutorial.Level.Normal"
ROUTE: "Tutorial.Level.Normal": On level 5, step 5.1
------------------- RUN TEST -------------------
START_TEST
COMMAND: npm run programmatic-test --reporter=mocha-tap-reporter
Calling command: npm run programmatic-test --reporter=mocha-tap-reporter
STATE: "Tutorial.Level.TestRunning"
ROUTE: "Tutorial.Level.TestRunning": On level 5, step 5.1
---------------- TEST RESULTS -----------------
TEST_FAIL
STATE: "Tutorial.Level.Normal"
ROUTE: "Tutorial.Level.Normal": On level 5, step 5.1
------------------- RUN TEST -------------------
START_TEST
COMMAND: npm run programmatic-test --reporter=mocha-tap-reporter
Calling command: npm run programmatic-test --reporter=mocha-tap-reporter
STATE: "Tutorial.Level.TestRunning"
ROUTE: "Tutorial.Level.TestRunning": On level 5, step 5.1
---------------- TEST RESULTS -----------------
TEST_FAIL
STATE: "Tutorial.Level.Normal"
ROUTE: "Tutorial.Level.Normal": On level 5, step 5.1
------------------- RUN TEST -------------------
START_TEST
COMMAND: npm run programmatic-test --reporter=mocha-tap-reporter
Calling command: npm run programmatic-test --reporter=mocha-tap-reporter
STATE: "Tutorial.Level.TestRunning"
---------------- TEST RESULTS -----------------
TEST_FAIL
ROUTE: "Tutorial.Level.TestRunning": On level 5, step 5.1
STATE: "Tutorial.Level.Normal"
ROUTE: "Tutorial.Level.Normal": On level 5, step 5.1
------------------- RUN TEST -------------------
START_TEST
COMMAND: npm run programmatic-test --reporter=mocha-tap-reporter
Calling command: npm run programmatic-test --reporter=mocha-tap-reporter
STATE: "Tutorial.Level.TestRunning"
ROUTE: "Tutorial.Level.TestRunning": On level 5, step 5.1
---------------- TEST RESULTS -----------------
TEST_FAIL
STATE: "Tutorial.Level.Normal"
ROUTE: "Tutorial.Level.Normal": On level 5, step 5.1
------------------- RUN TEST -------------------
START_TEST
COMMAND: npm run programmatic-test --reporter=mocha-tap-reporter
Calling command: npm run programmatic-test --reporter=mocha-tap-reporter
STATE: "Tutorial.Level.TestRunning"
ROUTE: "Tutorial.Level.TestRunning": On level 5, step 5.1
---------------- TEST RESULTS -----------------
TEST_FAIL
STATE: "Tutorial.Level.Normal"
ROUTE: "Tutorial.Level.Normal": On level 5, step 5.1
------------------- RUN TEST -------------------
START_TEST
COMMAND: npm run programmatic-test --reporter=mocha-tap-reporter
Calling command: npm run programmatic-test --reporter=mocha-tap-reporter
STATE: "Tutorial.Level.TestRunning"
ROUTE: "Tutorial.Level.TestRunning": On level 5, step 5.1
---------------- TEST RESULTS -----------------
TEST_FAIL
STATE: "Tutorial.Level.Normal"
ROUTE: "Tutorial.Level.Normal": On level 5, step 5.1
------------------- RUN TEST -------------------
START_TEST
COMMAND: npm run programmatic-test --reporter=mocha-tap-reporter
Calling command: npm run programmatic-test --reporter=mocha-tap-reporter
STATE: "Tutorial.Level.TestRunning"
ROUTE: "Tutorial.Level.TestRunning": On level 5, step 5.1
---------------- TEST RESULTS -----------------
TEST_FAIL
STATE: "Tutorial.Level.Normal"
ROUTE: "Tutorial.Level.Normal": On level 5, step 5.1
