2025-03-25 23:24:11.086 [warning] /home/gitpod/.ssh/config: ENOENT: no such file or directory, open '/home/gitpod/.ssh/config'
2025-03-25 23:24:11.086 [info] [Activation] Extension version: 0.106.0
2025-03-25 23:24:15.217 [info] [Activation] Looking for git repository
2025-03-25 23:24:15.217 [info] [Activation] Found 0 repositories during activation
2025-03-25 23:24:15.217 [info] [Activation] Git repository found, initializing review manager and pr tree view.
2025-03-25 23:24:15.221 [info] [GitAPI] Registering git provider
2025-03-25 23:24:15.221 [info] [Review+0] Validate state in progress
2025-03-25 23:24:15.221 [info] [Review+0] Validating state...
2025-03-25 23:24:15.453 [info] [FolderRepositoryManager+0] Found GitHub remote for folder /workspace/project
2025-03-25 23:24:15.455 [info] [FolderRepositoryManager+0] Trying to use globalState for assignableUsers.
2025-03-25 23:24:15.463 [info] [Review+0] No matching pull request metadata found locally for current branch main
2025-03-25 23:24:15.464 [info] [Review+0] No matching pull request metadata found on GitHub for current branch main
2025-03-25 23:24:15.722 [info] [FolderRepositoryManager+0] GlobalState does not exist for assignableUsers.
2025-03-25 23:28:26.605 [info] [Activation] Repo state for file:///workspace/project changed.
2025-03-25 23:28:26.606 [info] [Activation] Repo file:///workspace/project has already been setup.
2025-03-25 23:30:24.926 [info] [Review+0] Validate state in progress
2025-03-25 23:30:24.926 [info] [Review+0] Validating state...
2025-03-25 23:30:25.264 [info] [FolderRepositoryManager+0] Found GitHub remote for folder /workspace/project
2025-03-25 23:30:25.265 [info] [FolderRepositoryManager+0] Using in-memory cached assignable users.
2025-03-25 23:30:25.272 [info] [Review+0] No matching pull request metadata found locally for current branch main
2025-03-25 23:30:25.272 [info] [Review+0] No matching pull request metadata found on GitHub for current branch main
2025-03-25 23:35:32.000 [info] [Review+0] Validate state in progress
2025-03-25 23:35:32.000 [info] [Review+0] Validating state...
2025-03-25 23:35:32.255 [info] [FolderRepositoryManager+0] Found GitHub remote for folder /workspace/project
2025-03-25 23:35:32.255 [info] [FolderRepositoryManager+0] Using in-memory cached assignable users.
2025-03-25 23:35:32.265 [info] [Review+0] No matching pull request metadata found locally for current branch main
2025-03-25 23:35:32.266 [info] [Review+0] No matching pull request metadata found on GitHub for current branch main
