2025-03-25 21:08:33.892 [info] Log level: Info
2025-03-25 21:08:33.904 [info] VSCODE_MACHINE_ID: someValue.machineId
2025-03-25 21:08:33.904 [info] VSCODE_SESSION_ID: someValue.sessionId
2025-03-25 21:08:33.904 [info] VSCODE_VERSION: 1.98.2
2025-03-25 21:08:33.904 [info] VSCODE_APP_NAME: Gitpod Code
2025-03-25 21:08:33.904 [info] VSCODE_APP_HOST: Gitpod
2025-03-25 21:08:33.904 [info] VSCODE_UI_KIND: web
2025-03-25 21:08:33.904 [info] GITPOD_WORKSPACE_CONTEXT_URL: https://github.com/freeCodeCamp/learn-bash-by-building-a-boilerplate
2025-03-25 21:08:33.904 [info] GITPOD_INSTANCE_ID: 5a8fb900-8b99-4e7a-8ce6-c0b3cbd5da49
2025-03-25 21:08:33.904 [info] GITPOD_WORKSPACE_URL: https://freecodecam-learnbashby-zd0eo0jy24z.ws-eu118.gitpod.io
2025-03-25 21:08:33.911 [info] Gitpod Web 3953e81
2025-03-25 21:08:33.911 [info] Reading sessions from keychain...
2025-03-25 21:08:34.213 [info] Getting sessions for all scopes...
2025-03-25 21:08:34.213 [info] Getting sessions for all scopes...
2025-03-25 21:08:34.213 [info] Getting GitHub sessions for all scopes...
2025-03-25 21:08:34.213 [info] Getting sessions for function:accessCodeSyncStorage...
2025-03-25 21:08:34.213 [info] Got stored sessions!
2025-03-25 21:08:34.346 [info] Verified session with the following scopes: function:accessCodeSyncStorage function:closePort function:controlAdmission function:deleteEnvVar function:generateNewGitpodToken function:getDefaultWorkspaceImage function:getGitpodTokenScopes function:getIDToken function:getLoggedInUser function:getOpenPorts function:getSupportedWorkspaceClasses function:getTeams function:getToken function:getWorkspace function:getWorkspaceEnvVars function:getWorkspaceOwner function:getWorkspaceTimeout function:getWorkspaceUsers function:guessGitTokenScopes function:isWorkspaceOwner function:openPort function:sendHeartBeat function:setEnvVar function:setWorkspaceTimeout function:stopWorkspace function:takeSnapshot function:trackEvent function:updateGitStatus function:waitForSnapshot resource:contentBlob::*::create/get resource:envVar::*/**::update resource:envVar::*/*::update resource:envVar::freeCodeCamp/learn-bash-by-building-a-boilerplate::create/get/update/delete resource:gitpodToken::*::create resource:snapshot::ws-freecodecam-learnbashby-zd0eo0jy24z::create resource:token::*::get resource:userStorage::*::create/get/update resource:workspace::freecodecam-learnbashby-zd0eo0jy24z::get/update resource:workspaceInstance::5a8fb900-8b99-4e7a-8ce6-c0b3cbd5da49::get/update/delete
2025-03-25 21:08:34.346 [info] Got 1 verified sessions.
2025-03-25 21:08:34.346 [info] Got 1 sessions for all scopes...
2025-03-25 21:08:34.346 [info] Got 1 sessions for all scopes...
2025-03-25 21:08:34.346 [info] Got 1 sessions for function:accessCodeSyncStorage...
2025-03-25 21:08:35.481 [info] Got 1 GitHub sessions for all scopes...
2025-03-25 21:08:36.005 [info] Getting GitHub sessions for all scopes...
2025-03-25 21:08:36.005 [info] Getting sessions for all scopes...
2025-03-25 21:08:36.005 [info] Got 1 GitHub sessions for all scopes...
2025-03-25 21:08:36.005 [info] Got 1 sessions for all scopes...
2025-03-25 21:08:36.961 [info] Getting GitHub sessions for all scopes...
2025-03-25 21:08:36.962 [info] Got 1 GitHub sessions for all scopes...
2025-03-25 21:08:38.091 [info] Getting GitHub sessions for read:user,repo,user:email,workflow...
2025-03-25 21:08:38.091 [info] Got 0 GitHub sessions for read:user,repo,user:email,workflow...
2025-03-25 21:08:38.908 [info] Getting GitHub sessions for project,read:org,read:user,repo,user:email,workflow...
2025-03-25 21:08:38.908 [info] Got 0 GitHub sessions for project,read:org,read:user,repo,user:email,workflow...
2025-03-25 21:08:39.480 [info] Getting GitHub sessions for read:user,repo,user:email,workflow...
2025-03-25 21:08:39.480 [info] Got 0 GitHub sessions for read:user,repo,user:email,workflow...
2025-03-25 21:08:40.508 [info] Getting GitHub sessions for read:user,repo,user:email...
2025-03-25 21:08:40.508 [info] Got 0 GitHub sessions for read:user,repo,user:email...
2025-03-25 21:08:41.070 [info] Getting GitHub sessions for read:user,repo,user:email,workflow...
2025-03-25 21:08:41.070 [info] Got 0 GitHub sessions for read:user,repo,user:email,workflow...
