2025-03-26 09:40:40.025 [info] [main] Log level: Info
2025-03-26 09:40:40.025 [info] [main] Validating found git in: "git"
2025-03-26 09:40:40.025 [info] [main] Using git "2.43.0" from "git"
2025-03-26 09:40:40.025 [info] [Model][doInitialScan] Initial repository scan started
2025-03-26 09:40:40.025 [info] > git rev-parse --show-toplevel [2ms]
2025-03-26 09:40:40.025 [info] > git rev-parse --git-dir --git-common-dir [5ms]
2025-03-26 09:40:40.025 [info] [Model][openRepository] Opened repository: /workspace/project
2025-03-26 09:40:40.025 [info] > git config --get commit.template [5ms]
2025-03-26 09:40:40.025 [info] > git rev-parse --show-toplevel [6ms]
2025-03-26 09:40:40.025 [info] > git rev-parse --show-toplevel [2ms]
2025-03-26 09:40:40.025 [info] > git for-each-ref --format=%(refname)%00%(upstream:short)%00%(objectname)%00%(upstream:track)%00%(upstream:remotename)%00%(upstream:remoteref) refs/heads/main refs/remotes/main [12ms]
2025-03-26 09:40:40.025 [warning] [Git][revParse] Unable to read file: ENOENT: no such file or directory, open '/workspace/project/.git/refs/remotes/origin/main'
2025-03-26 09:40:40.025 [info] > git rev-parse --show-toplevel [4ms]
2025-03-26 09:40:40.025 [info] [Model][doInitialScan] Initial repository scan completed - repositories (1), closed repositories (0), parent repositories (0), unsafe repositories (0)
2025-03-26 09:40:40.025 [info] > git rev-parse refs/remotes/origin/main [2ms]
2025-03-26 09:40:40.025 [info] > git status -z -uall [4ms]
2025-03-26 09:40:40.025 [info] > git for-each-ref --sort -committerdate --format %(refname) %(objectname) %(*objectname) [3ms]
2025-03-26 09:40:40.025 [info] > git for-each-ref --format=%(refname)%00%(upstream:short)%00%(objectname)%00%(upstream:track)%00%(upstream:remotename)%00%(upstream:remoteref) refs/heads/main refs/remotes/main [11ms]
2025-03-26 09:40:40.025 [info] > git config --get commit.template [9ms]
2025-03-26 09:40:40.025 [info] > git config --get --local branch.main.vscode-merge-base [2ms]
2025-03-26 09:40:40.025 [info] > git for-each-ref --format=%(refname)%00%(upstream:short)%00%(objectname)%00%(upstream:track)%00%(upstream:remotename)%00%(upstream:remoteref) refs/heads/origin/main refs/remotes/origin/main [4ms]
2025-03-26 09:40:40.025 [info] > git for-each-ref --format=%(refname)%00%(upstream:short)%00%(objectname)%00%(upstream:track)%00%(upstream:remotename)%00%(upstream:remoteref) refs/heads/main refs/remotes/main [18ms]
2025-03-26 09:40:40.025 [warning] [Git][revParse] Unable to read file: ENOENT: no such file or directory, open '/workspace/project/.git/refs/remotes/origin/main'
2025-03-26 09:40:40.025 [info] > git rev-parse refs/remotes/origin/main [3ms]
2025-03-26 09:40:40.025 [info] > git merge-base refs/heads/main refs/remotes/origin/main [14ms]
2025-03-26 09:40:40.025 [info] > git status -z -uall [9ms]
2025-03-26 09:40:40.025 [info] > git for-each-ref --sort -committerdate --format %(refname) %(objectname) %(*objectname) [6ms]
2025-03-26 09:40:40.025 [info] > git diff --name-status -z --diff-filter=ADMR b47da2f1aefd5ecd3a04aaf48b0ac5b8b779948b...refs/remotes/origin/main [14ms]
2025-03-26 09:40:40.025 [info] > git merge-base refs/heads/main refs/remotes/origin/main [10ms]
2025-03-26 09:40:40.025 [info] > git diff --name-status -z --diff-filter=ADMR b47da2f1aefd5ecd3a04aaf48b0ac5b8b779948b...refs/remotes/origin/main [2ms]
2025-03-26 09:40:40.648 [info] > git check-ignore -v -z --stdin [3ms]
2025-03-26 09:40:42.777 [info] > git config --get commit.template [6ms]
2025-03-26 09:40:42.785 [info] > git for-each-ref --format=%(refname)%00%(upstream:short)%00%(objectname)%00%(upstream:track)%00%(upstream:remotename)%00%(upstream:remoteref) refs/heads/main refs/remotes/main [10ms]
2025-03-26 09:40:42.795 [warning] [Git][revParse] Unable to read file: ENOENT: no such file or directory, open '/workspace/project/.git/refs/remotes/origin/main'
2025-03-26 09:40:42.799 [info] > git rev-parse refs/remotes/origin/main [4ms]
2025-03-26 09:40:42.810 [info] > git status -z -uall [6ms]
2025-03-26 09:40:42.814 [info] > git for-each-ref --sort -committerdate --format %(refname) %(objectname) %(*objectname) [5ms]
2025-03-26 09:40:45.832 [info] > git config --get --local branch.main.github-pr-owner-number [3ms]
2025-03-26 09:40:45.832 [warning] [Git][config] git config failed: Failed to execute git
2025-03-26 09:45:21.908 [info] > git config --get commit.template [5ms]
2025-03-26 09:45:21.917 [info] > git for-each-ref --format=%(refname)%00%(upstream:short)%00%(objectname)%00%(upstream:track)%00%(upstream:remotename)%00%(upstream:remoteref) refs/heads/main refs/remotes/main [10ms]
2025-03-26 09:45:21.921 [warning] [Git][revParse] Unable to read file: ENOENT: no such file or directory, open '/workspace/project/.git/refs/remotes/origin/main'
2025-03-26 09:45:21.923 [info] > git rev-parse refs/remotes/origin/main [2ms]
2025-03-26 09:45:21.932 [info] > git status -z -uall [5ms]
2025-03-26 09:45:21.936 [info] > git for-each-ref --sort -committerdate --format %(refname) %(objectname) %(*objectname) [3ms]
