2025-03-25 23:10:37.369 [info] [main] Log level: Info
2025-03-25 23:10:37.369 [info] [main] Validating found git in: "git"
2025-03-25 23:10:37.369 [info] [main] Using git "2.43.0" from "git"
2025-03-25 23:10:37.369 [info] [Model][doInitialScan] Initial repository scan started
2025-03-25 23:10:37.369 [info] > git rev-parse --show-toplevel [3ms]
2025-03-25 23:10:37.369 [info] > git rev-parse --git-dir --git-common-dir [2ms]
2025-03-25 23:10:37.369 [info] [Model][openRepository] Opened repository: /workspace/project
2025-03-25 23:10:37.369 [info] > git config --get commit.template [5ms]
2025-03-25 23:10:37.369 [info] > git rev-parse --show-toplevel [6ms]
2025-03-25 23:10:37.369 [info] > git rev-parse --show-toplevel [1ms]
2025-03-25 23:10:37.369 [info] > git for-each-ref --format=%(refname)%00%(upstream:short)%00%(objectname)%00%(upstream:track)%00%(upstream:remotename)%00%(upstream:remoteref) refs/heads/main refs/remotes/main [10ms]
2025-03-25 23:10:37.369 [warning] [Git][revParse] Unable to read file: ENOENT: no such file or directory, open '/workspace/project/.git/refs/remotes/origin/main'
2025-03-25 23:10:37.369 [info] > git rev-parse --show-toplevel [4ms]
2025-03-25 23:10:37.369 [info] [Model][doInitialScan] Initial repository scan completed - repositories (1), closed repositories (0), parent repositories (0), unsafe repositories (0)
2025-03-25 23:10:37.369 [info] > git rev-parse refs/remotes/origin/main [132ms]
2025-03-25 23:10:37.369 [info] > git status -z -uall [7ms]
2025-03-25 23:10:37.369 [info] > git for-each-ref --sort -committerdate --format %(refname) %(objectname) %(*objectname) [12ms]
2025-03-25 23:10:37.369 [info] > git config --get commit.template [32ms]
2025-03-25 23:10:37.369 [info] > git for-each-ref --format=%(refname)%00%(upstream:short)%00%(objectname)%00%(upstream:track)%00%(upstream:remotename)%00%(upstream:remoteref) refs/heads/main refs/remotes/main [37ms]
2025-03-25 23:10:37.369 [info] > git config --get --local branch.main.vscode-merge-base [2ms]
2025-03-25 23:10:37.369 [info] > git for-each-ref --format=%(refname)%00%(upstream:short)%00%(objectname)%00%(upstream:track)%00%(upstream:remotename)%00%(upstream:remoteref) refs/heads/main refs/remotes/main [13ms]
2025-03-25 23:10:37.369 [warning] [Git][revParse] Unable to read file: ENOENT: no such file or directory, open '/workspace/project/.git/refs/remotes/origin/main'
2025-03-25 23:10:37.369 [info] > git for-each-ref --format=%(refname)%00%(upstream:short)%00%(objectname)%00%(upstream:track)%00%(upstream:remotename)%00%(upstream:remoteref) refs/heads/origin/main refs/remotes/origin/main [5ms]
2025-03-25 23:10:37.369 [info] > git rev-parse refs/remotes/origin/main [6ms]
2025-03-25 23:10:37.369 [info] > git status -z -uall [5ms]
2025-03-25 23:10:37.369 [info] > git merge-base refs/heads/main refs/remotes/origin/main [10ms]
2025-03-25 23:10:37.369 [info] > git for-each-ref --sort -committerdate --format %(refname) %(objectname) %(*objectname) [5ms]
2025-03-25 23:10:37.369 [info] > git diff --name-status -z --diff-filter=ADMR b47da2f1aefd5ecd3a04aaf48b0ac5b8b779948b...refs/remotes/origin/main [11ms]
2025-03-25 23:10:37.369 [info] > git merge-base refs/heads/main refs/remotes/origin/main [30ms]
2025-03-25 23:10:37.370 [info] > git diff --name-status -z --diff-filter=ADMR b47da2f1aefd5ecd3a04aaf48b0ac5b8b779948b...refs/remotes/origin/main [3ms]
2025-03-25 23:10:37.876 [info] > git check-ignore -v -z --stdin [2ms]
2025-03-25 23:10:40.723 [info] > git config --get --local branch.main.github-pr-owner-number [2ms]
2025-03-25 23:10:40.723 [warning] [Git][config] git config failed: Failed to execute git
2025-03-25 23:14:58.246 [info] > git config --get commit.template [7ms]
2025-03-25 23:14:58.252 [info] > git for-each-ref --format=%(refname)%00%(upstream:short)%00%(objectname)%00%(upstream:track)%00%(upstream:remotename)%00%(upstream:remoteref) refs/heads/main refs/remotes/main [9ms]
2025-03-25 23:14:58.257 [warning] [Git][revParse] Unable to read file: ENOENT: no such file or directory, open '/workspace/project/.git/refs/remotes/origin/main'
2025-03-25 23:14:58.259 [info] > git rev-parse refs/remotes/origin/main [2ms]
2025-03-25 23:14:58.271 [info] > git status -z -uall [7ms]
2025-03-25 23:14:58.275 [info] > git for-each-ref --sort -committerdate --format %(refname) %(objectname) %(*objectname) [6ms]
2025-03-25 23:21:27.982 [info] > git config --get commit.template [5ms]
2025-03-25 23:21:27.989 [info] > git for-each-ref --format=%(refname)%00%(upstream:short)%00%(objectname)%00%(upstream:track)%00%(upstream:remotename)%00%(upstream:remoteref) refs/heads/main refs/remotes/main [8ms]
2025-03-25 23:21:27.993 [warning] [Git][revParse] Unable to read file: ENOENT: no such file or directory, open '/workspace/project/.git/refs/remotes/origin/main'
2025-03-25 23:21:27.994 [info] > git rev-parse refs/remotes/origin/main [2ms]
2025-03-25 23:21:28.002 [info] > git status -z -uall [4ms]
2025-03-25 23:21:28.005 [info] > git for-each-ref --sort -committerdate --format %(refname) %(objectname) %(*objectname) [3ms]
2025-03-25 23:35:13.156 [info] > git config --get commit.template [5ms]
2025-03-25 23:35:13.162 [info] > git for-each-ref --format=%(refname)%00%(upstream:short)%00%(objectname)%00%(upstream:track)%00%(upstream:remotename)%00%(upstream:remoteref) refs/heads/main refs/remotes/main [8ms]
2025-03-25 23:35:13.165 [warning] [Git][revParse] Unable to read file: ENOENT: no such file or directory, open '/workspace/project/.git/refs/remotes/origin/main'
2025-03-25 23:35:13.167 [info] > git rev-parse refs/remotes/origin/main [2ms]
2025-03-25 23:35:13.174 [info] > git status -z -uall [4ms]
2025-03-25 23:35:13.177 [info] > git for-each-ref --sort -committerdate --format %(refname) %(objectname) %(*objectname) [3ms]
2025-03-25 23:35:13.196 [info] > git merge-base refs/heads/main refs/remotes/origin/main [7ms]
2025-03-25 23:35:13.201 [info] > git diff --name-status -z --diff-filter=ADMR b47da2f1aefd5ecd3a04aaf48b0ac5b8b779948b...refs/remotes/origin/main [2ms]
2025-03-25 23:35:13.681 [info] > git config --get --local branch.main.github-pr-owner-number [1ms]
2025-03-25 23:35:13.681 [warning] [Git][config] git config failed: Failed to execute git
2025-03-25 23:35:18.198 [info] > git config --get commit.template [4ms]
2025-03-25 23:35:18.205 [info] > git for-each-ref --format=%(refname)%00%(upstream:short)%00%(objectname)%00%(upstream:track)%00%(upstream:remotename)%00%(upstream:remoteref) refs/heads/main refs/remotes/main [8ms]
2025-03-25 23:35:18.209 [warning] [Git][revParse] Unable to read file: ENOENT: no such file or directory, open '/workspace/project/.git/refs/remotes/origin/main'
2025-03-25 23:35:18.210 [info] > git rev-parse refs/remotes/origin/main [2ms]
2025-03-25 23:35:18.218 [info] > git status -z -uall [5ms]
2025-03-25 23:35:18.220 [info] > git for-each-ref --sort -committerdate --format %(refname) %(objectname) %(*objectname) [3ms]
