[549ns] Shutting down all processes 
[440.289µs] Terminating process supervisor with PID 37 (state: S, cmdlind: [supervisor run] <nil>). 
[49.775625ms] Terminating main process errored: waitid: no child processes 
[50.458295ms] Terminating process bash with PID 4623 (state: S, cmdlind: [/usr/bin/bash --init-file /home/gitpod/.vscode-server/cli/servers/Stable-cd4ee3b1c348a13bafd8f9ad8060705f6d4b9cba/server/out/vs/workbench/contrib/terminal/common/scripts/shellIntegration-bash.sh] <nil>). 
[50.504985ms] Terminating process node with PID 3067 (state: S, cmdlind: [/ide/node /ide/out/bootstrap-fork --type=fileWatcher] <nil>). 
[50.545435ms] Terminating process node with PID 71 (state: S, cmdlind: [/ide/node /ide/out/server-main.js --log=info --install-builtin-extension gitpod.gitpod-theme --install-builtin-extension github.vscode-pull-request-github --install-extension coderoad.coderoad --port 23000 --host 0.0.0.0 --without-connection-token --server-data-dir /workspace/.vscode-remote --do-not-sync --start-server] <nil>). 
[50.615235ms] Terminating process node with PID 161 (state: S, cmdlind: [/ide/node /ide/out/bootstrap-fork --type=ptyHost --logsPath /workspace/.vscode-remote/data/logs/20250325T231020] <nil>). 
[50.632345ms] Terminating main process errored: waitid: no child processes 
[50.654915ms] Terminating process node with PID 126 (state: R, cmdlind: [/ide/node --dns-result-order=ipv4first /ide/out/bootstrap-fork --type=extensionHost --transformURIs --useHostProxy=false] <nil>). 
[50.737245ms] Terminating process bash with PID 492 (state: S, cmdlind: [/usr/bin/bash --init-file /ide/out/vs/workbench/contrib/terminal/common/scripts/shellIntegration-bash.sh] <nil>). 
[50.755725ms] Terminating process node with PID 252 (state: S, cmdlind: [/ide/node /ide/extensions/json-language-features/server/dist/node/jsonServerMain --node-ipc --clientProcessId=126] <nil>). 
[50.840685ms] Terminating process node with PID 449 (state: S, cmdlind: [/ide/node /ide/extensions/redhat.vscode-yaml/dist/languageserver.js --node-ipc --clientProcessId=377] <nil>). 
[50.866135ms] Terminating main process errored: waitid: no child processes 
[50.918145ms] Terminating process node with PID 3073 (state: R, cmdlind: [/ide/node --dns-result-order=ipv4first /ide/out/bootstrap-fork --type=extensionHost --transformURIs --useHostProxy=false] <nil>). 
[50.917965ms] Terminating process node with PID 509 (state: S, cmdlind: [/ide/node /ide/extensions/json-language-features/server/dist/node/jsonServerMain --node-ipc --clientProcessId=377] <nil>). 
[50.918535ms] Terminating process node with PID 388 (state: S, cmdlind: [/ide/node /ide/out/bootstrap-fork --type=fileWatcher] <nil>). 
[52.873025ms] Terminating main process errored: waitid: no child processes 
[50.935065ms] Terminating process node with PID 137 (state: S, cmdlind: [/ide/node /ide/out/bootstrap-fork --type=fileWatcher] <nil>). 
[50.941145ms] Terminating process node with PID 377 (state: R, cmdlind: [/ide/node --dns-result-order=ipv4first /ide/out/bootstrap-fork --type=extensionHost --transformURIs --useHostProxy=false] <nil>). 
[51.028865ms] Terminating process node with PID 3175 (state: S, cmdlind: [/ide/node /ide/extensions/json-language-features/server/dist/node/jsonServerMain --node-ipc --clientProcessId=3073] <nil>). 
[51.051575ms] Terminating process node with PID 3468 (state: R, cmdlind: [/home/gitpod/.vscode-server/cli/servers/Stable-cd4ee3b1c348a13bafd8f9ad8060705f6d4b9cba/server/node --dns-result-order=ipv4first /home/gitpod/.vscode-server/cli/servers/Stable-cd4ee3b1c348a13bafd8f9ad8060705f6d4b9cba/server/out/bootstrap-fork --type=extensionHost --transformURIs --useHostProxy=false] <nil>). 
[51.116085ms] Terminating process bash with PID 1355 (state: S, cmdlind: [/usr/bin/bash --init-file /ide/out/vs/workbench/contrib/terminal/common/scripts/shellIntegration-bash.sh] <nil>). 
[51.133055ms] Terminating main process errored: waitid: no child processes 
[51.152225ms] Terminating process node with PID 3510 (state: S, cmdlind: [/home/gitpod/.vscode-server/cli/servers/Stable-cd4ee3b1c348a13bafd8f9ad8060705f6d4b9cba/server/node /home/gitpod/.vscode-server/cli/servers/Stable-cd4ee3b1c348a13bafd8f9ad8060705f6d4b9cba/server/out/bootstrap-fork --type=ptyHost --logsPath /home/gitpod/.vscode-server/data/logs/20250325T234036] <nil>). 
[51.184725ms] Terminating process bash with PID 772 (state: S, cmdlind: [/usr/bin/bash --init-file /ide/out/vs/workbench/contrib/terminal/common/scripts/shellIntegration-bash.sh] <nil>). 
[51.229465ms] Terminating process node with PID 224 (state: S, cmdlind: [/ide/node /ide/extensions/redhat.vscode-yaml/dist/languageserver.js --node-ipc --clientProcessId=126] <nil>). 
[51.247075ms] Terminating process node with PID 3161 (state: S, cmdlind: [/ide/node /ide/extensions/redhat.vscode-yaml/dist/languageserver.js --node-ipc --clientProcessId=3073] <nil>). 
[51.296915ms] Terminating process node with PID 3481 (state: S, cmdlind: [/home/gitpod/.vscode-server/cli/servers/Stable-cd4ee3b1c348a13bafd8f9ad8060705f6d4b9cba/server/node /home/gitpod/.vscode-server/cli/servers/Stable-cd4ee3b1c348a13bafd8f9ad8060705f6d4b9cba/server/out/bootstrap-fork --type=fileWatcher] <nil>). 
[50.461825ms] Terminating process bash with PID 189 (state: S, cmdlind: [/usr/bin/bash --init-file /ide/out/vs/workbench/contrib/terminal/common/scripts/shellIntegration-bash.sh] <nil>). 
[51.308915ms] Terminating process node with PID 3434 (state: S, cmdlind: [/home/gitpod/.vscode-server/cli/servers/Stable-cd4ee3b1c348a13bafd8f9ad8060705f6d4b9cba/server/node /home/gitpod/.vscode-server/cli/servers/Stable-cd4ee3b1c348a13bafd8f9ad8060705f6d4b9cba/server/out/server-main.js --connection-token=remotessh --accept-server-license-terms --install-extension=gitpod.gitpod-remote-ssh --start-server --enable-remote-auto-shutdown --socket-path=/tmp/code-2bc1f044-e45a-41ad-850e-890965d8865b] <nil>). 
[51.363575ms] Terminating process sh with PID 3430 (state: S, cmdlind: [sh /home/gitpod/.vscode-server/cli/servers/Stable-cd4ee3b1c348a13bafd8f9ad8060705f6d4b9cba/server/bin/code-server --connection-token=remotessh --accept-server-license-terms --install-extension=gitpod.gitpod-remote-ssh --start-server --enable-remote-auto-shutdown --socket-path=/tmp/code-2bc1f044-e45a-41ad-850e-890965d8865b] <nil>). 
[51.487435ms] Terminating process node with PID 3690 (state: S, cmdlind: [/home/gitpod/.vscode-server/cli/servers/Stable-cd4ee3b1c348a13bafd8f9ad8060705f6d4b9cba/server/node /home/gitpod/.vscode-server/extensions/redhat.vscode-yaml-1.17.0/dist/languageserver.js --node-ipc --clientProcessId=3468] <nil>). 
[52.130575ms] Terminating main process errored: waitid: no child processes 
[54.070525ms] Terminating main process errored: waitid: no child processes 
[54.134915ms] Terminating main process errored: waitid: no child processes 
[54.929425ms] Terminating main process errored: waitid: no child processes 
[54.238345ms] Terminating main process errored: waitid: no child processes 
[54.338185ms] Terminating main process errored: waitid: no child processes 
[54.345875ms] Terminating main process errored: waitid: no child processes 
[54.444035ms] Terminating main process errored: waitid: no child processes 
[54.495685ms] Terminating main process errored: waitid: no child processes 
[54.618915ms] Terminating main process errored: waitid: no child processes 
[54.228715ms] Terminating main process errored: waitid: no child processes 
[54.779875ms] Terminating main process errored: waitid: no child processes 
[54.834275ms] Terminating main process errored: waitid: no child processes 
[54.678325ms] Terminating main process errored: waitid: no child processes 
[55.243955ms] Terminating main process errored: waitid: no child processes 
[55.435665ms] Terminating main process errored: waitid: no child processes 
[55.587995ms] Terminating main process errored: waitid: no child processes 
[55.729585ms] Terminating main process errored: waitid: no child processes 
[56.036005ms] Terminating main process errored: waitid: no child processes 
[122.428639ms] Process node with PID 3690 is a zombie, skipping termination. 
[123.23365ms] Process node with PID 161 is a zombie, skipping termination. 
[122.43653ms] Process node with PID 377 is a zombie, skipping termination. 
[122.44079ms] Process node with PID 3073 is a zombie, skipping termination. 
[122.479879ms] Process node with PID 3161 is a zombie, skipping termination. 
[122.511039ms] Process node with PID 126 is a zombie, skipping termination. 
[122.51097ms] Process node with PID 388 is a zombie, skipping termination. 
[122.522839ms] Process node with PID 3434 is a zombie, skipping termination. 
[122.56239ms] Process node with PID 224 is a zombie, skipping termination. 
[122.574759ms] Process node with PID 449 is a zombie, skipping termination. 
[122.574839ms] Process node with PID 137 is a zombie, skipping termination. 
[122.642979ms] Process node with PID 509 is a zombie, skipping termination. 
[122.64293ms] Process node with PID 252 is a zombie, skipping termination. 
[122.707499ms] Process node with PID 3067 is a zombie, skipping termination. 
[122.70783ms] Process node with PID 3481 is a zombie, skipping termination. 
[122.433239ms] Process node with PID 3468 is a zombie, skipping termination. 
[122.803579ms] Process node with PID 3510 is a zombie, skipping termination. 
[123.829859ms] Process node with PID 3690 is a zombie, skipping termination. 
[123.917679ms] Process node with PID 126 is a zombie, skipping termination. 
[124.010879ms] Process node with PID 137 is a zombie, skipping termination. 
[124.088699ms] Process node with PID 161 is a zombie, skipping termination. 
[124.16727ms] Process node with PID 224 is a zombie, skipping termination. 
[124.243639ms] Process node with PID 252 is a zombie, skipping termination. 
[124.338299ms] Process node with PID 377 is a zombie, skipping termination. 
[124.45319ms] Process node with PID 388 is a zombie, skipping termination. 
[124.54087ms] Process node with PID 449 is a zombie, skipping termination. 
[124.642859ms] Process node with PID 509 is a zombie, skipping termination. 
[124.720759ms] Process node with PID 3067 is a zombie, skipping termination. 
[124.81025ms] Process node with PID 3073 is a zombie, skipping termination. 
[124.88549ms] Process node with PID 3161 is a zombie, skipping termination. 
[124.958359ms] Process node with PID 3434 is a zombie, skipping termination. 
[125.03825ms] Process node with PID 3468 is a zombie, skipping termination. 
[125.11479ms] Process node with PID 3481 is a zombie, skipping termination. 
[125.194879ms] Process node with PID 3510 is a zombie, skipping termination. 
[125.35045ms] Process node with PID 3690 is a zombie, skipping termination. 
[125.427859ms] Process node with PID 126 is a zombie, skipping termination. 
[125.503719ms] Process node with PID 137 is a zombie, skipping termination. 
[125.58279ms] Process node with PID 161 is a zombie, skipping termination. 
[193.844705ms] Process node with PID 377 is a zombie, skipping termination. 
[193.905985ms] Process node with PID 3468 is a zombie, skipping termination. 
[193.955904ms] Process node with PID 3510 is a zombie, skipping termination. 
[193.977954ms] Process node with PID 3481 is a zombie, skipping termination. 
[193.864274ms] Process node with PID 3067 is a zombie, skipping termination. 
[193.979634ms] Process node with PID 388 is a zombie, skipping termination. 
[193.865865ms] Process node with PID 3073 is a zombie, skipping termination. 
[194.061244ms] Process node with PID 3434 is a zombie, skipping termination. 
[194.065194ms] Process node with PID 224 is a zombie, skipping termination. 
[193.999564ms] Couldn't obtain process information for PID 3161. 
[194.106344ms] Process node with PID 509 is a zombie, skipping termination. 
[194.117734ms] Process node with PID 449 is a zombie, skipping termination. 
[194.175074ms] Process node with PID 252 is a zombie, skipping termination. 
[195.408414ms] Process node with PID 3690 is a zombie, skipping termination. 
[195.483834ms] Couldn't obtain process information for PID 252. 
[195.493094ms] Process node with PID 509 is a zombie, skipping termination. 
[195.510414ms] Process node with PID 377 is a zombie, skipping termination. 
[195.561734ms] Process node with PID 3481 is a zombie, skipping termination. 
[195.611254ms] Process node with PID 3434 is a zombie, skipping termination. 
[195.611864ms] Process node with PID 3510 is a zombie, skipping termination. 
[195.674924ms] Process node with PID 3468 is a zombie, skipping termination. 
[195.809504ms] Process node with PID 449 is a zombie, skipping termination. 
[196.117104ms] Process node with PID 3690 is a zombie, skipping termination. 
[196.154244ms] Process node with PID 3434 is a zombie, skipping termination. 
[196.217344ms] Process node with PID 3481 is a zombie, skipping termination. 
[196.252054ms] Process node with PID 449 is a zombie, skipping termination. 
[196.276084ms] Process node with PID 3510 is a zombie, skipping termination. 
[196.320774ms] Process node with PID 377 is a zombie, skipping termination. 
[196.344594ms] Process node with PID 509 is a zombie, skipping termination. 
[196.346284ms] Process node with PID 3468 is a zombie, skipping termination. 
[197.050494ms] Process node with PID 3690 is a zombie, skipping termination. 
[197.089854ms] Process node with PID 3434 is a zombie, skipping termination. 
[197.236214ms] Process node with PID 449 is a zombie, skipping termination. 
[197.241474ms] Process node with PID 377 is a zombie, skipping termination. 
[197.256234ms] Process node with PID 3510 is a zombie, skipping termination. 
[197.255224ms] Process node with PID 3468 is a zombie, skipping termination. 
[197.276894ms] Process node with PID 3481 is a zombie, skipping termination. 
[197.396704ms] Process node with PID 509 is a zombie, skipping termination. 
[198.455874ms] Process node with PID 3690 is a zombie, skipping termination. 
[198.499794ms] Process node with PID 3434 is a zombie, skipping termination. 
[198.502324ms] Process node with PID 3481 is a zombie, skipping termination. 
[198.526314ms] Process node with PID 3468 is a zombie, skipping termination. 
[198.557234ms] Process node with PID 3510 is a zombie, skipping termination. 
[198.577434ms] Process node with PID 509 is a zombie, skipping termination. 
[198.604594ms] Process node with PID 449 is a zombie, skipping termination. 
[198.628884ms] Process node with PID 377 is a zombie, skipping termination. 
[198.990304ms] Process node with PID 3690 is a zombie, skipping termination. 
[199.016214ms] Process node with PID 3434 is a zombie, skipping termination. 
[199.035194ms] Process node with PID 3481 is a zombie, skipping termination. 
[199.045234ms] Process node with PID 3510 is a zombie, skipping termination. 
[199.082984ms] Process node with PID 377 is a zombie, skipping termination. 
[199.101674ms] Process node with PID 3468 is a zombie, skipping termination. 
[199.131164ms] Process node with PID 449 is a zombie, skipping termination. 
[199.145614ms] Process node with PID 509 is a zombie, skipping termination. 
[199.536524ms] Process node with PID 3690 is a zombie, skipping termination. 
[199.561214ms] Process node with PID 3434 is a zombie, skipping termination. 
[199.601274ms] Process node with PID 3510 is a zombie, skipping termination. 
[199.636864ms] Process node with PID 449 is a zombie, skipping termination. 
[199.603274ms] Process node with PID 3481 is a zombie, skipping termination. 
[199.671914ms] Process node with PID 377 is a zombie, skipping termination. 
[199.675874ms] Process node with PID 509 is a zombie, skipping termination. 
[199.708144ms] Process node with PID 3468 is a zombie, skipping termination. 
[200.059964ms] Process node with PID 3690 is a zombie, skipping termination. 
[200.096144ms] Process node with PID 3434 is a zombie, skipping termination. 
[200.104814ms] Process node with PID 449 is a zombie, skipping termination. 
[200.158674ms] Process node with PID 509 is a zombie, skipping termination. 
[200.176624ms] Process node with PID 3510 is a zombie, skipping termination. 
[200.183954ms] Process node with PID 3481 is a zombie, skipping termination. 
[200.212954ms] Process node with PID 377 is a zombie, skipping termination. 
[200.225984ms] Process node with PID 3468 is a zombie, skipping termination. 
[200.631173ms] Process node with PID 377 is a zombie, skipping termination. 
[200.647004ms] Process node with PID 3690 is a zombie, skipping termination. 
[200.662604ms] Process node with PID 3434 is a zombie, skipping termination. 
[200.691484ms] Process node with PID 509 is a zombie, skipping termination. 
[200.697564ms] Process node with PID 449 is a zombie, skipping termination. 
[200.747593ms] Process node with PID 3481 is a zombie, skipping termination. 
[200.756504ms] Process node with PID 3468 is a zombie, skipping termination. 
[200.760193ms] Process node with PID 3510 is a zombie, skipping termination. 
[201.086153ms] Process node with PID 3690 is a zombie, skipping termination. 
[201.111364ms] Process node with PID 3434 is a zombie, skipping termination. 
[201.128353ms] Process node with PID 3481 is a zombie, skipping termination. 
[201.149313ms] Process node with PID 3468 is a zombie, skipping termination. 
[201.183533ms] Process node with PID 449 is a zombie, skipping termination. 
[201.203664ms] Process node with PID 509 is a zombie, skipping termination. 
[201.205524ms] Process node with PID 3510 is a zombie, skipping termination. 
[201.223524ms] Process node with PID 377 is a zombie, skipping termination. 
[201.500404ms] Process node with PID 3690 is a zombie, skipping termination. 
[201.536733ms] Process node with PID 3481 is a zombie, skipping termination. 
[201.546524ms] Process node with PID 3434 is a zombie, skipping termination. 
[201.588984ms] Process node with PID 3510 is a zombie, skipping termination. 
[201.615924ms] Process node with PID 3468 is a zombie, skipping termination. 
[201.657024ms] Process node with PID 449 is a zombie, skipping termination. 
[201.656924ms] Process node with PID 377 is a zombie, skipping termination. 
[201.668033ms] Process node with PID 509 is a zombie, skipping termination. 
[202.077484ms] Process node with PID 3690 is a zombie, skipping termination. 
[202.105784ms] Process node with PID 449 is a zombie, skipping termination. 
[202.108213ms] Process node with PID 377 is a zombie, skipping termination. 
[202.141244ms] Process node with PID 3468 is a zombie, skipping termination. 
[202.165573ms] Process node with PID 509 is a zombie, skipping termination. 
[202.188313ms] Process node with PID 3481 is a zombie, skipping termination. 
[202.196004ms] Process node with PID 3510 is a zombie, skipping termination. 
[202.223664ms] Process node with PID 3434 is a zombie, skipping termination. 
[202.592513ms] Process node with PID 3690 is a zombie, skipping termination. 
[202.598333ms] Process node with PID 3434 is a zombie, skipping termination. 
[202.628624ms] Process node with PID 3481 is a zombie, skipping termination. 
[202.647984ms] Process node with PID 3468 is a zombie, skipping termination. 
[202.699484ms] Process node with PID 509 is a zombie, skipping termination. 
[202.708053ms] Process node with PID 377 is a zombie, skipping termination. 
[202.699564ms] Process node with PID 3510 is a zombie, skipping termination. 
[202.717753ms] Process node with PID 449 is a zombie, skipping termination. 
[203.018393ms] Process node with PID 3690 is a zombie, skipping termination. 
[203.042324ms] Process node with PID 3434 is a zombie, skipping termination. 
[203.052893ms] Process node with PID 3481 is a zombie, skipping termination. 
[203.081904ms] Process node with PID 449 is a zombie, skipping termination. 
[203.135593ms] Process node with PID 509 is a zombie, skipping termination. 
[203.138653ms] Process node with PID 3468 is a zombie, skipping termination. 
[203.138284ms] Process node with PID 3510 is a zombie, skipping termination. 
[203.196133ms] Process node with PID 377 is a zombie, skipping termination. 
[203.474704ms] Process node with PID 3690 is a zombie, skipping termination. 
[203.479933ms] Process node with PID 509 is a zombie, skipping termination. 
[203.521053ms] Process node with PID 3468 is a zombie, skipping termination. 
[203.528013ms] Process node with PID 377 is a zombie, skipping termination. 
[203.566473ms] Process node with PID 3481 is a zombie, skipping termination. 
[203.606544ms] Process node with PID 3434 is a zombie, skipping termination. 
[203.611364ms] Process node with PID 3510 is a zombie, skipping termination. 
[203.613624ms] Process node with PID 449 is a zombie, skipping termination. 
[204.043804ms] Process node with PID 3690 is a zombie, skipping termination. 
[204.084473ms] Process node with PID 3434 is a zombie, skipping termination. 
[204.104733ms] Process node with PID 449 is a zombie, skipping termination. 
[204.160044ms] Process node with PID 509 is a zombie, skipping termination. 
[204.178193ms] Process node with PID 377 is a zombie, skipping termination. 
[204.164773ms] Process node with PID 3481 is a zombie, skipping termination. 
[204.242313ms] Process node with PID 3468 is a zombie, skipping termination. 
[204.273413ms] Process node with PID 3510 is a zombie, skipping termination. 
[204.599933ms] Process node with PID 3690 is a zombie, skipping termination. 
[204.618264ms] Process node with PID 3434 is a zombie, skipping termination. 
[204.645724ms] Process node with PID 449 is a zombie, skipping termination. 
[204.688333ms] Process node with PID 509 is a zombie, skipping termination. 
[204.707253ms] Process node with PID 377 is a zombie, skipping termination. 
[204.731204ms] Process node with PID 3481 is a zombie, skipping termination. 
[204.737153ms] Process node with PID 3468 is a zombie, skipping termination. 
[204.766884ms] Process node with PID 3510 is a zombie, skipping termination. 
[205.134013ms] Process node with PID 3690 is a zombie, skipping termination. 
[205.168193ms] Process node with PID 3434 is a zombie, skipping termination. 
[205.184113ms] Process node with PID 449 is a zombie, skipping termination. 
[205.236504ms] Process node with PID 509 is a zombie, skipping termination. 
[205.245124ms] Process node with PID 377 is a zombie, skipping termination. 
[205.265224ms] Process node with PID 3481 is a zombie, skipping termination. 
[205.288644ms] Process node with PID 3510 is a zombie, skipping termination. 
[205.288913ms] Process node with PID 3468 is a zombie, skipping termination. 
[205.576853ms] Process node with PID 3690 is a zombie, skipping termination. 
[205.619973ms] Process node with PID 3434 is a zombie, skipping termination. 
[205.660373ms] Process node with PID 449 is a zombie, skipping termination. 
[205.669293ms] Process node with PID 3481 is a zombie, skipping termination. 
[205.703113ms] Process node with PID 3510 is a zombie, skipping termination. 
[205.723693ms] Process node with PID 509 is a zombie, skipping termination. 
[205.749243ms] Process node with PID 377 is a zombie, skipping termination. 
[205.755963ms] Process node with PID 3468 is a zombie, skipping termination. 
[206.099963ms] Process node with PID 3690 is a zombie, skipping termination. 
[206.139123ms] Process node with PID 449 is a zombie, skipping termination. 
[206.140033ms] Process node with PID 3468 is a zombie, skipping termination. 
[206.169483ms] Process node with PID 509 is a zombie, skipping termination. 
[206.192983ms] Process node with PID 3434 is a zombie, skipping termination. 
[206.237903ms] Process node with PID 3481 is a zombie, skipping termination. 
[206.246263ms] Process node with PID 377 is a zombie, skipping termination. 
[206.291073ms] Process node with PID 3510 is a zombie, skipping termination. 
[206.645793ms] Process node with PID 3690 is a zombie, skipping termination. 
[206.725973ms] Process node with PID 3434 is a zombie, skipping termination. 
[206.744143ms] Process node with PID 449 is a zombie, skipping termination. 
[206.764713ms] Process node with PID 3510 is a zombie, skipping termination. 
[206.790853ms] Process node with PID 377 is a zombie, skipping termination. 
[206.798833ms] Process node with PID 3481 is a zombie, skipping termination. 
[206.844563ms] Process node with PID 509 is a zombie, skipping termination. 
[206.877283ms] Process node with PID 3468 is a zombie, skipping termination. 
[207.234983ms] Process node with PID 3690 is a zombie, skipping termination. 
[207.277153ms] Process node with PID 3434 is a zombie, skipping termination. 
[207.321873ms] Process node with PID 3481 is a zombie, skipping termination. 
[207.345803ms] Process node with PID 3468 is a zombie, skipping termination. 
[207.376013ms] Process node with PID 449 is a zombie, skipping termination. 
[207.377083ms] Process node with PID 509 is a zombie, skipping termination. 
[207.422153ms] Process node with PID 377 is a zombie, skipping termination. 
[207.434663ms] Process node with PID 3510 is a zombie, skipping termination. 
[207.760693ms] Process node with PID 3690 is a zombie, skipping termination. 
[207.790283ms] Process node with PID 3434 is a zombie, skipping termination. 
[207.811463ms] Process node with PID 3481 is a zombie, skipping termination. 
[207.842173ms] Process node with PID 449 is a zombie, skipping termination. 
[207.853673ms] Process node with PID 509 is a zombie, skipping termination. 
[207.890533ms] Process node with PID 3510 is a zombie, skipping termination. 
[207.911383ms] Process node with PID 3468 is a zombie, skipping termination. 
[207.934713ms] Process node with PID 377 is a zombie, skipping termination. 
[208.516083ms] Process node with PID 3434 is a zombie, skipping termination. 
[208.550103ms] Process node with PID 3481 is a zombie, skipping termination. 
[208.597423ms] Process node with PID 3510 is a zombie, skipping termination. 
[208.606553ms] Couldn't obtain process information for PID 449. 
[208.516253ms] Process node with PID 3690 is a zombie, skipping termination. 
[208.649713ms] Process node with PID 3468 is a zombie, skipping termination. 
[208.761573ms] Couldn't obtain process information for PID 509. 
[209.452363ms] Process node with PID 3690 is a zombie, skipping termination. 
[209.475683ms] Process node with PID 3481 is a zombie, skipping termination. 
[209.485483ms] Process node with PID 3510 is a zombie, skipping termination. 
[209.455603ms] Process node with PID 3468 is a zombie, skipping termination. 
[209.529643ms] Process node with PID 3434 is a zombie, skipping termination. 
[209.817743ms] Process node with PID 3690 is a zombie, skipping termination. 
[209.822353ms] Process node with PID 3468 is a zombie, skipping termination. 
[209.876183ms] Process node with PID 3434 is a zombie, skipping termination. 
[209.885833ms] Process node with PID 3510 is a zombie, skipping termination. 
[209.903513ms] Process node with PID 3481 is a zombie, skipping termination. 
[210.219863ms] Process node with PID 3468 is a zombie, skipping termination. 
[210.243003ms] Process node with PID 3481 is a zombie, skipping termination. 
[210.220673ms] Process node with PID 3690 is a zombie, skipping termination. 
[210.292093ms] Process node with PID 3434 is a zombie, skipping termination. 
[210.302653ms] Process node with PID 3510 is a zombie, skipping termination. 
[210.548523ms] Process node with PID 3690 is a zombie, skipping termination. 
[210.568723ms] Process node with PID 3468 is a zombie, skipping termination. 
[210.590723ms] Process node with PID 3481 is a zombie, skipping termination. 
[210.608593ms] Process node with PID 3510 is a zombie, skipping termination. 
[210.630663ms] Process node with PID 3434 is a zombie, skipping termination. 
[210.867843ms] Process node with PID 3690 is a zombie, skipping termination. 
[210.874863ms] Process node with PID 3481 is a zombie, skipping termination. 
[210.878313ms] Process node with PID 3468 is a zombie, skipping termination. 
[210.914813ms] Process node with PID 3434 is a zombie, skipping termination. 
[210.967303ms] Process node with PID 3510 is a zombie, skipping termination. 
[211.214723ms] Process node with PID 3690 is a zombie, skipping termination. 
[211.231273ms] Process node with PID 3468 is a zombie, skipping termination. 
[211.241583ms] Process node with PID 3481 is a zombie, skipping termination. 
[211.255193ms] Process node with PID 3510 is a zombie, skipping termination. 
[211.269683ms] Process node with PID 3434 is a zombie, skipping termination. 
[211.465843ms] Process node with PID 3690 is a zombie, skipping termination. 
[211.506972ms] Process node with PID 3468 is a zombie, skipping termination. 
[211.545652ms] Process node with PID 3481 is a zombie, skipping termination. 
[211.565903ms] Process node with PID 3510 is a zombie, skipping termination. 
[211.518423ms] Process node with PID 3434 is a zombie, skipping termination. 
[211.811003ms] Process node with PID 3690 is a zombie, skipping termination. 
[211.821092ms] Process node with PID 3468 is a zombie, skipping termination. 
[211.853003ms] Process node with PID 3481 is a zombie, skipping termination. 
[211.898112ms] Process node with PID 3510 is a zombie, skipping termination. 
[211.913323ms] Process node with PID 3434 is a zombie, skipping termination. 
[212.162632ms] Process node with PID 3468 is a zombie, skipping termination. 
[212.170312ms] Process node with PID 3690 is a zombie, skipping termination. 
[212.196683ms] Process node with PID 3481 is a zombie, skipping termination. 
[212.221083ms] Process node with PID 3434 is a zombie, skipping termination. 
[212.237143ms] Process node with PID 3510 is a zombie, skipping termination. 
[212.463732ms] Process node with PID 3690 is a zombie, skipping termination. 
[212.473063ms] Process node with PID 3468 is a zombie, skipping termination. 
[212.519692ms] Process node with PID 3481 is a zombie, skipping termination. 
[212.527772ms] Process node with PID 3434 is a zombie, skipping termination. 
[212.561443ms] Process node with PID 3510 is a zombie, skipping termination. 
[212.793483ms] Process node with PID 3690 is a zombie, skipping termination. 
[212.843923ms] Process node with PID 3468 is a zombie, skipping termination. 
[212.855503ms] Process node with PID 3481 is a zombie, skipping termination. 
[212.857392ms] Process node with PID 3434 is a zombie, skipping termination. 
[212.920712ms] Process node with PID 3510 is a zombie, skipping termination. 
[213.177363ms] Process node with PID 3690 is a zombie, skipping termination. 
[213.221403ms] Process node with PID 3481 is a zombie, skipping termination. 
[213.180543ms] Process node with PID 3468 is a zombie, skipping termination. 
[213.241423ms] Process node with PID 3434 is a zombie, skipping termination. 
[213.226103ms] Process node with PID 3510 is a zombie, skipping termination. 
[213.471592ms] Process node with PID 3690 is a zombie, skipping termination. 
[213.497692ms] Process node with PID 3468 is a zombie, skipping termination. 
[213.502872ms] Process node with PID 3481 is a zombie, skipping termination. 
[213.557832ms] Process node with PID 3510 is a zombie, skipping termination. 
[213.627492ms] Process node with PID 3434 is a zombie, skipping termination. 
[213.828292ms] Process node with PID 3690 is a zombie, skipping termination. 
[213.867172ms] Process node with PID 3468 is a zombie, skipping termination. 
[213.892772ms] Process node with PID 3481 is a zombie, skipping termination. 
[213.908592ms] Process node with PID 3434 is a zombie, skipping termination. 
[213.924243ms] Process node with PID 3510 is a zombie, skipping termination. 
[214.197403ms] Process node with PID 3690 is a zombie, skipping termination. 
[214.210072ms] Process node with PID 3468 is a zombie, skipping termination. 
[214.234732ms] Process node with PID 3481 is a zombie, skipping termination. 
[214.248903ms] Process node with PID 3510 is a zombie, skipping termination. 
[214.289292ms] Process node with PID 3434 is a zombie, skipping termination. 
[214.528072ms] Process node with PID 3690 is a zombie, skipping termination. 
[214.541072ms] Process node with PID 3468 is a zombie, skipping termination. 
[214.590963ms] Process node with PID 3481 is a zombie, skipping termination. 
[214.597972ms] Process node with PID 3434 is a zombie, skipping termination. 
[214.624632ms] Process node with PID 3510 is a zombie, skipping termination. 
[214.854632ms] Process node with PID 3690 is a zombie, skipping termination. 
[214.905023ms] Process node with PID 3510 is a zombie, skipping termination. 
[214.857092ms] Process node with PID 3468 is a zombie, skipping termination. 
[214.919043ms] Process node with PID 3481 is a zombie, skipping termination. 
[214.928712ms] Process node with PID 3434 is a zombie, skipping termination. 
[215.239943ms] Process node with PID 3690 is a zombie, skipping termination. 
[215.282403ms] Process node with PID 3434 is a zombie, skipping termination. 
[215.286943ms] Process node with PID 3510 is a zombie, skipping termination. 
[215.283932ms] Process node with PID 3481 is a zombie, skipping termination. 
[215.241183ms] Process node with PID 3468 is a zombie, skipping termination. 
[215.533763ms] Process node with PID 3690 is a zombie, skipping termination. 
[215.553252ms] Process node with PID 3468 is a zombie, skipping termination. 
[215.591092ms] Process node with PID 3434 is a zombie, skipping termination. 
[215.604183ms] Process node with PID 3510 is a zombie, skipping termination. 
[215.635063ms] Process node with PID 3481 is a zombie, skipping termination. 
[215.856923ms] Process node with PID 3468 is a zombie, skipping termination. 
[215.864612ms] Process node with PID 3690 is a zombie, skipping termination. 
[215.884992ms] Process node with PID 3434 is a zombie, skipping termination. 
[215.920363ms] Process node with PID 3481 is a zombie, skipping termination. 
[215.939032ms] Process node with PID 3510 is a zombie, skipping termination. 
[216.290823ms] Process node with PID 3690 is a zombie, skipping termination. 
[216.310752ms] Process node with PID 3468 is a zombie, skipping termination. 
[216.355752ms] Process node with PID 3481 is a zombie, skipping termination. 
[216.398123ms] Process node with PID 3510 is a zombie, skipping termination. 
[216.413192ms] Process node with PID 3434 is a zombie, skipping termination. 
[216.632012ms] Process node with PID 3690 is a zombie, skipping termination. 
[216.683602ms] Process node with PID 3434 is a zombie, skipping termination. 
[216.690612ms] Process node with PID 3468 is a zombie, skipping termination. 
[216.740002ms] Process node with PID 3481 is a zombie, skipping termination. 
[216.753572ms] Process node with PID 3510 is a zombie, skipping termination. 
[216.986052ms] Process node with PID 3468 is a zombie, skipping termination. 
[216.990502ms] Process node with PID 3690 is a zombie, skipping termination. 
[217.016622ms] Process node with PID 3481 is a zombie, skipping termination. 
[217.051132ms] Process node with PID 3434 is a zombie, skipping termination. 
[217.063302ms] Process node with PID 3510 is a zombie, skipping termination. 
[217.328822ms] Process node with PID 3690 is a zombie, skipping termination. 
[217.380042ms] Process node with PID 3481 is a zombie, skipping termination. 
[217.384012ms] Process node with PID 3434 is a zombie, skipping termination. 
[217.333582ms] Process node with PID 3468 is a zombie, skipping termination. 
[217.391962ms] Process node with PID 3510 is a zombie, skipping termination. 
[217.668032ms] Process node with PID 3690 is a zombie, skipping termination. 
[217.694392ms] Process node with PID 3434 is a zombie, skipping termination. 
[217.735862ms] Process node with PID 3481 is a zombie, skipping termination. 
[217.742552ms] Process node with PID 3510 is a zombie, skipping termination. 
[217.677192ms] Process node with PID 3468 is a zombie, skipping termination. 
[218.011212ms] Process node with PID 3690 is a zombie, skipping termination. 
[218.041932ms] Process node with PID 3468 is a zombie, skipping termination. 
[218.076692ms] Process node with PID 3481 is a zombie, skipping termination. 
[218.112762ms] Process node with PID 3434 is a zombie, skipping termination. 
[218.136282ms] Process node with PID 3510 is a zombie, skipping termination. 
[218.349402ms] Process node with PID 3690 is a zombie, skipping termination. 
[218.391902ms] Process node with PID 3468 is a zombie, skipping termination. 
[218.395822ms] Process node with PID 3434 is a zombie, skipping termination. 
[218.435542ms] Process node with PID 3510 is a zombie, skipping termination. 
[218.440192ms] Process node with PID 3481 is a zombie, skipping termination. 
[218.681502ms] Process node with PID 3690 is a zombie, skipping termination. 
[218.693192ms] Process node with PID 3468 is a zombie, skipping termination. 
[218.709362ms] Process node with PID 3434 is a zombie, skipping termination. 
[218.724032ms] Process node with PID 3481 is a zombie, skipping termination. 
[218.797442ms] Process node with PID 3510 is a zombie, skipping termination. 
[219.325672ms] Process node with PID 3690 is a zombie, skipping termination. 
[219.368302ms] Process node with PID 3468 is a zombie, skipping termination. 
[219.490302ms] Process node with PID 3434 is a zombie, skipping termination. 
[219.589812ms] Process node with PID 3481 is a zombie, skipping termination. 
[219.591582ms] Process node with PID 3510 is a zombie, skipping termination. 
[220.138212ms] Process node with PID 3434 is a zombie, skipping termination. 
[220.146372ms] Process node with PID 3690 is a zombie, skipping termination. 
[220.157152ms] Process node with PID 3468 is a zombie, skipping termination. 
[220.179232ms] Process node with PID 3481 is a zombie, skipping termination. 
[220.225612ms] Process node with PID 3510 is a zombie, skipping termination. 
[220.450502ms] Process node with PID 3468 is a zombie, skipping termination. 
[220.456552ms] Process node with PID 3690 is a zombie, skipping termination. 
[220.496442ms] Process node with PID 3481 is a zombie, skipping termination. 
[220.541922ms] Process node with PID 3510 is a zombie, skipping termination. 
[220.557512ms] Process node with PID 3434 is a zombie, skipping termination. 
[220.806112ms] Process node with PID 3468 is a zombie, skipping termination. 
[220.812692ms] Process node with PID 3690 is a zombie, skipping termination. 
[220.830132ms] Process node with PID 3434 is a zombie, skipping termination. 
[220.853892ms] Process node with PID 3481 is a zombie, skipping termination. 
[220.912132ms] Process node with PID 3510 is a zombie, skipping termination. 
[221.140772ms] Process node with PID 3690 is a zombie, skipping termination. 
[221.156792ms] Process node with PID 3468 is a zombie, skipping termination. 
[221.216702ms] Process node with PID 3481 is a zombie, skipping termination. 
[221.233602ms] Process node with PID 3434 is a zombie, skipping termination. 
[221.248532ms] Process node with PID 3510 is a zombie, skipping termination. 
[221.485832ms] Process node with PID 3690 is a zombie, skipping termination. 
[221.510092ms] Process node with PID 3468 is a zombie, skipping termination. 
[221.558742ms] Process node with PID 3434 is a zombie, skipping termination. 
[221.568052ms] Process node with PID 3510 is a zombie, skipping termination. 
[221.575932ms] Process node with PID 3481 is a zombie, skipping termination. 
[221.830912ms] Process node with PID 3690 is a zombie, skipping termination. 
[221.859962ms] Process node with PID 3468 is a zombie, skipping termination. 
[221.917902ms] Process node with PID 3510 is a zombie, skipping termination. 
[221.938672ms] Process node with PID 3481 is a zombie, skipping termination. 
[221.917542ms] Process node with PID 3434 is a zombie, skipping termination. 
[222.219372ms] Process node with PID 3690 is a zombie, skipping termination. 
[222.242442ms] Process node with PID 3468 is a zombie, skipping termination. 
[222.269882ms] Process node with PID 3481 is a zombie, skipping termination. 
[222.316242ms] Process node with PID 3434 is a zombie, skipping termination. 
[222.399812ms] Process node with PID 3510 is a zombie, skipping termination. 
[222.714152ms] Process node with PID 3690 is a zombie, skipping termination. 
[222.744912ms] Process node with PID 3468 is a zombie, skipping termination. 
[222.777332ms] Process node with PID 3434 is a zombie, skipping termination. 
[222.792862ms] Process node with PID 3481 is a zombie, skipping termination. 
[222.778442ms] Process node with PID 3510 is a zombie, skipping termination. 
[223.093772ms] Process node with PID 3468 is a zombie, skipping termination. 
[223.104372ms] Process node with PID 3690 is a zombie, skipping termination. 
[223.110902ms] Process node with PID 3434 is a zombie, skipping termination. 
[223.158172ms] Process node with PID 3481 is a zombie, skipping termination. 
[223.172652ms] Process node with PID 3510 is a zombie, skipping termination. 
[223.441712ms] Process node with PID 3690 is a zombie, skipping termination. 
[223.489212ms] Process node with PID 3510 is a zombie, skipping termination. 
[223.444882ms] Process node with PID 3468 is a zombie, skipping termination. 
[223.507692ms] Process node with PID 3481 is a zombie, skipping termination. 
[223.491162ms] Process node with PID 3434 is a zombie, skipping termination. 
[223.770052ms] Process node with PID 3690 is a zombie, skipping termination. 
[223.777952ms] Process node with PID 3468 is a zombie, skipping termination. 
[223.811812ms] Process node with PID 3434 is a zombie, skipping termination. 
[223.819162ms] Process node with PID 3481 is a zombie, skipping termination. 
[223.838732ms] Process node with PID 3510 is a zombie, skipping termination. 
[224.187352ms] Process node with PID 3690 is a zombie, skipping termination. 
[224.227372ms] Process node with PID 3481 is a zombie, skipping termination. 
[224.228632ms] Process node with PID 3510 is a zombie, skipping termination. 
[224.190932ms] Process node with PID 3468 is a zombie, skipping termination. 
[224.245972ms] Process node with PID 3434 is a zombie, skipping termination. 
[224.573022ms] Process node with PID 3690 is a zombie, skipping termination. 
[224.590262ms] Process node with PID 3468 is a zombie, skipping termination. 
[224.633142ms] Process node with PID 3481 is a zombie, skipping termination. 
[224.661132ms] Process node with PID 3510 is a zombie, skipping termination. 
[224.686612ms] Process node with PID 3434 is a zombie, skipping termination. 
[224.971231ms] Process node with PID 3690 is a zombie, skipping termination. 
[224.982871ms] Process node with PID 3434 is a zombie, skipping termination. 
[225.012071ms] Process node with PID 3481 is a zombie, skipping termination. 
[224.974291ms] Process node with PID 3468 is a zombie, skipping termination. 
[225.066591ms] Process node with PID 3510 is a zombie, skipping termination. 
[225.342431ms] Process node with PID 3690 is a zombie, skipping termination. 
[225.354042ms] Process node with PID 3468 is a zombie, skipping termination. 
[225.410982ms] Process node with PID 3481 is a zombie, skipping termination. 
[225.437562ms] Process node with PID 3510 is a zombie, skipping termination. 
[225.462051ms] Process node with PID 3434 is a zombie, skipping termination. 
[225.754282ms] Process node with PID 3690 is a zombie, skipping termination. 
[225.773902ms] Process node with PID 3468 is a zombie, skipping termination. 
[225.805891ms] Process node with PID 3481 is a zombie, skipping termination. 
[225.812111ms] Process node with PID 3434 is a zombie, skipping termination. 
[225.839631ms] Process node with PID 3510 is a zombie, skipping termination. 
[226.087611ms] Process node with PID 3690 is a zombie, skipping termination. 
[226.114342ms] Process node with PID 3481 is a zombie, skipping termination. 
[226.126231ms] Process node with PID 3468 is a zombie, skipping termination. 
[226.156351ms] Process node with PID 3510 is a zombie, skipping termination. 
[226.433291ms] Process node with PID 3690 is a zombie, skipping termination. 
[226.456131ms] Process node with PID 3468 is a zombie, skipping termination. 
[226.474902ms] Process node with PID 3510 is a zombie, skipping termination. 
[226.698422ms] Process node with PID 3468 is a zombie, skipping termination. 
[226.705871ms] Process node with PID 3690 is a zombie, skipping termination. 
[226.868411ms] Process node with PID 3690 is a zombie, skipping termination. 
[226.898542ms] Process node with PID 3468 is a zombie, skipping termination. 
[227.099111ms] Process node with PID 3690 is a zombie, skipping termination. 
[227.099762ms] Process node with PID 3468 is a zombie, skipping termination. 
[227.314251ms] Process node with PID 3468 is a zombie, skipping termination. 
[227.323682ms] Process node with PID 3690 is a zombie, skipping termination. 
[227.509991ms] Process node with PID 3690 is a zombie, skipping termination. 
[227.513231ms] Process node with PID 3468 is a zombie, skipping termination. 
[227.763061ms] Process node with PID 3690 is a zombie, skipping termination. 
[227.772471ms] Process node with PID 3468 is a zombie, skipping termination. 
[227.922641ms] Process node with PID 3690 is a zombie, skipping termination. 
[227.967041ms] Process node with PID 3468 is a zombie, skipping termination. 
[228.149761ms] Process node with PID 3690 is a zombie, skipping termination. 
[228.159531ms] Process node with PID 3468 is a zombie, skipping termination. 
[228.330671ms] Process node with PID 3690 is a zombie, skipping termination. 
[228.334471ms] Process node with PID 3468 is a zombie, skipping termination. 
[228.572851ms] Process node with PID 3690 is a zombie, skipping termination. 
[228.586731ms] Process node with PID 3468 is a zombie, skipping termination. 
[228.765561ms] Process node with PID 3690 is a zombie, skipping termination. 
[228.780121ms] Process node with PID 3468 is a zombie, skipping termination. 
[228.985271ms] Process node with PID 3690 is a zombie, skipping termination. 
[228.999781ms] Process node with PID 3468 is a zombie, skipping termination. 
[229.198221ms] Process node with PID 3690 is a zombie, skipping termination. 
[229.235031ms] Process node with PID 3468 is a zombie, skipping termination. 
[229.380361ms] Process node with PID 3690 is a zombie, skipping termination. 
[229.410301ms] Process node with PID 3468 is a zombie, skipping termination. 
[229.547361ms] Process node with PID 3690 is a zombie, skipping termination. 
[229.584351ms] Process node with PID 3468 is a zombie, skipping termination. 
[229.822941ms] Process node with PID 3690 is a zombie, skipping termination. 
[229.835081ms] Process node with PID 3468 is a zombie, skipping termination. 
[230.040171ms] Process node with PID 3468 is a zombie, skipping termination. 
[230.041081ms] Process node with PID 3690 is a zombie, skipping termination. 
[230.244661ms] Process node with PID 3690 is a zombie, skipping termination. 
[230.281001ms] Process node with PID 3468 is a zombie, skipping termination. 
[230.649991ms] Process node with PID 3468 is a zombie, skipping termination. 
[230.797911ms] Process node with PID 3690 is a zombie, skipping termination. 
[231.378791ms] Process node with PID 3690 is a zombie, skipping termination. 
[231.399931ms] Process node with PID 3468 is a zombie, skipping termination. 
[231.570171ms] Process node with PID 3690 is a zombie, skipping termination. 
[231.625061ms] Process node with PID 3468 is a zombie, skipping termination. 
[231.838691ms] Process node with PID 3690 is a zombie, skipping termination. 
[231.847461ms] Process node with PID 3468 is a zombie, skipping termination. 
[232.029471ms] Process node with PID 3468 is a zombie, skipping termination. 
[232.035571ms] Process node with PID 3690 is a zombie, skipping termination. 
[232.228261ms] Process node with PID 3468 is a zombie, skipping termination. 
[232.234391ms] Process node with PID 3690 is a zombie, skipping termination. 
[232.459371ms] Process node with PID 3690 is a zombie, skipping termination. 
[232.631321ms] Process node with PID 3468 is a zombie, skipping termination. 
[232.819101ms] Process node with PID 3690 is a zombie, skipping termination. 
[232.938311ms] Process node with PID 3468 is a zombie, skipping termination. 
[233.104091ms] Process node with PID 3690 is a zombie, skipping termination. 
[233.201531ms] Process node with PID 3468 is a zombie, skipping termination. 
[233.381921ms] Process node with PID 3690 is a zombie, skipping termination. 
[233.495561ms] Process node with PID 3468 is a zombie, skipping termination. 
[293.765157ms] Process node with PID 3690 is a zombie, skipping termination. 
[293.818826ms] Process node with PID 3468 is a zombie, skipping termination. 
[294.073846ms] Process node with PID 3690 is a zombie, skipping termination. 
[294.075926ms] Process node with PID 3468 is a zombie, skipping termination. 
[294.305716ms] Process node with PID 3690 is a zombie, skipping termination. 
[294.337776ms] Process node with PID 3468 is a zombie, skipping termination. 
[294.557396ms] Process node with PID 3690 is a zombie, skipping termination. 
[294.570646ms] Process node with PID 3468 is a zombie, skipping termination. 
[294.772146ms] Process node with PID 3690 is a zombie, skipping termination. 
[294.797496ms] Process node with PID 3468 is a zombie, skipping termination. 
[294.985016ms] Process node with PID 3690 is a zombie, skipping termination. 
[295.029406ms] Process node with PID 3468 is a zombie, skipping termination. 
[295.229666ms] Process node with PID 3690 is a zombie, skipping termination. 
[295.233536ms] Process node with PID 3468 is a zombie, skipping termination. 
[295.469266ms] Process node with PID 3690 is a zombie, skipping termination. 
[295.475466ms] Process node with PID 3468 is a zombie, skipping termination. 
[295.679486ms] Process node with PID 3690 is a zombie, skipping termination. 
[295.785576ms] Process node with PID 3468 is a zombie, skipping termination. 
[296.120806ms] Process node with PID 3690 is a zombie, skipping termination. 
[296.128166ms] Process node with PID 3468 is a zombie, skipping termination. 
[296.413646ms] Process node with PID 3690 is a zombie, skipping termination. 
[296.419146ms] Process node with PID 3468 is a zombie, skipping termination. 
[296.628496ms] Process node with PID 3690 is a zombie, skipping termination. 
[296.663756ms] Process node with PID 3468 is a zombie, skipping termination. 
[296.862566ms] Process node with PID 3690 is a zombie, skipping termination. 
[296.870766ms] Process node with PID 3468 is a zombie, skipping termination. 
[297.092466ms] Process node with PID 3690 is a zombie, skipping termination. 
[297.106876ms] Process node with PID 3468 is a zombie, skipping termination. 
[297.276266ms] Process node with PID 3690 is a zombie, skipping termination. 
[297.303176ms] Process node with PID 3468 is a zombie, skipping termination. 
[297.488026ms] Process node with PID 3690 is a zombie, skipping termination. 
[297.528566ms] Process node with PID 3468 is a zombie, skipping termination. 
[297.759186ms] Process node with PID 3690 is a zombie, skipping termination. 
[297.777686ms] Process node with PID 3468 is a zombie, skipping termination. 
[297.978066ms] Process node with PID 3690 is a zombie, skipping termination. 
[297.988906ms] Process node with PID 3468 is a zombie, skipping termination. 
[298.176346ms] Process node with PID 3690 is a zombie, skipping termination. 
[298.189566ms] Process node with PID 3468 is a zombie, skipping termination. 
[298.396766ms] Process node with PID 3690 is a zombie, skipping termination. 
[298.401386ms] Process node with PID 3468 is a zombie, skipping termination. 
[298.607116ms] Process node with PID 3690 is a zombie, skipping termination. 
[298.638596ms] Process node with PID 3468 is a zombie, skipping termination. 
[298.827296ms] Process node with PID 3690 is a zombie, skipping termination. 
[298.854746ms] Process node with PID 3468 is a zombie, skipping termination. 
[299.018036ms] Process node with PID 3690 is a zombie, skipping termination. 
[299.053556ms] Process node with PID 3468 is a zombie, skipping termination. 
[299.264296ms] Process node with PID 3690 is a zombie, skipping termination. 
[299.270866ms] Process node with PID 3468 is a zombie, skipping termination. 
[299.465096ms] Process node with PID 3468 is a zombie, skipping termination. 
[299.467876ms] Process node with PID 3690 is a zombie, skipping termination. 
[299.668016ms] Process node with PID 3690 is a zombie, skipping termination. 
[299.704836ms] Process node with PID 3468 is a zombie, skipping termination. 
[299.874266ms] Process node with PID 3690 is a zombie, skipping termination. 
[299.895936ms] Process node with PID 3468 is a zombie, skipping termination. 
[300.054406ms] Process node with PID 3690 is a zombie, skipping termination. 
[300.074576ms] Process node with PID 3468 is a zombie, skipping termination. 
[300.248416ms] Process node with PID 3690 is a zombie, skipping termination. 
[300.279486ms] Process node with PID 3468 is a zombie, skipping termination. 
[300.448106ms] Process node with PID 3690 is a zombie, skipping termination. 
[300.462096ms] Process node with PID 3468 is a zombie, skipping termination. 
[300.642266ms] Process node with PID 3690 is a zombie, skipping termination. 
[300.648956ms] Process node with PID 3468 is a zombie, skipping termination. 
[300.819976ms] Process node with PID 3690 is a zombie, skipping termination. 
[300.843006ms] Process node with PID 3468 is a zombie, skipping termination. 
[301.018616ms] Process node with PID 3690 is a zombie, skipping termination. 
[301.046646ms] Process node with PID 3468 is a zombie, skipping termination. 
[301.207586ms] Process node with PID 3690 is a zombie, skipping termination. 
[301.225756ms] Process node with PID 3468 is a zombie, skipping termination. 
[301.396246ms] Process node with PID 3690 is a zombie, skipping termination. 
[301.408406ms] Process node with PID 3468 is a zombie, skipping termination. 
[301.654625ms] Process node with PID 3690 is a zombie, skipping termination. 
[301.666516ms] Process node with PID 3468 is a zombie, skipping termination. 
[301.885496ms] Process node with PID 3690 is a zombie, skipping termination. 
[301.920476ms] Process node with PID 3468 is a zombie, skipping termination. 
[302.150425ms] Process node with PID 3690 is a zombie, skipping termination. 
[302.157856ms] Process node with PID 3468 is a zombie, skipping termination. 
[302.353385ms] Process node with PID 3690 is a zombie, skipping termination. 
[302.382036ms] Process node with PID 3468 is a zombie, skipping termination. 
[302.566276ms] Process node with PID 3690 is a zombie, skipping termination. 
[302.589625ms] Process node with PID 3468 is a zombie, skipping termination. 
[302.791596ms] Process node with PID 3690 is a zombie, skipping termination. 
[302.874145ms] Process node with PID 3468 is a zombie, skipping termination. 
[303.058836ms] Process node with PID 3690 is a zombie, skipping termination. 
[303.081876ms] Process node with PID 3468 is a zombie, skipping termination. 
[303.232245ms] Process node with PID 3690 is a zombie, skipping termination. 
[303.253756ms] Process node with PID 3468 is a zombie, skipping termination. 
[303.419905ms] Process node with PID 3690 is a zombie, skipping termination. 
[303.449805ms] Process node with PID 3468 is a zombie, skipping termination. 
[303.627236ms] Process node with PID 3690 is a zombie, skipping termination. 
[303.638545ms] Process node with PID 3468 is a zombie, skipping termination. 
[303.807576ms] Process node with PID 3690 is a zombie, skipping termination. 
[303.823165ms] Process node with PID 3468 is a zombie, skipping termination. 
[303.992085ms] Process node with PID 3468 is a zombie, skipping termination. 
[303.992625ms] Process node with PID 3690 is a zombie, skipping termination. 
[304.228316ms] Process node with PID 3690 is a zombie, skipping termination. 
[304.238985ms] Process node with PID 3468 is a zombie, skipping termination. 
[304.408765ms] Process node with PID 3690 is a zombie, skipping termination. 
[304.416625ms] Process node with PID 3468 is a zombie, skipping termination. 
[304.586945ms] Process node with PID 3690 is a zombie, skipping termination. 
[304.588725ms] Process node with PID 3468 is a zombie, skipping termination. 
[304.792036ms] Process node with PID 3690 is a zombie, skipping termination. 
[304.799776ms] Process node with PID 3468 is a zombie, skipping termination. 
[305.002596ms] Process node with PID 3468 is a zombie, skipping termination. 
[305.016836ms] Process node with PID 3690 is a zombie, skipping termination. 
[305.205076ms] Process node with PID 3690 is a zombie, skipping termination. 
[305.237405ms] Process node with PID 3468 is a zombie, skipping termination. 
[305.391816ms] Process node with PID 3690 is a zombie, skipping termination. 
[305.408676ms] Process node with PID 3468 is a zombie, skipping termination. 
[305.569356ms] Process node with PID 3690 is a zombie, skipping termination. 
[305.586116ms] Process node with PID 3468 is a zombie, skipping termination. 
[305.831805ms] Process node with PID 3690 is a zombie, skipping termination. 
[305.840965ms] Process node with PID 3468 is a zombie, skipping termination. 
[306.057645ms] Process node with PID 3468 is a zombie, skipping termination. 
[306.062816ms] Process node with PID 3690 is a zombie, skipping termination. 
[306.259565ms] Process node with PID 3690 is a zombie, skipping termination. 
[306.284265ms] Process node with PID 3468 is a zombie, skipping termination. 
[306.443345ms] Process node with PID 3690 is a zombie, skipping termination. 
[306.471205ms] Process node with PID 3468 is a zombie, skipping termination. 
[306.614285ms] Process node with PID 3690 is a zombie, skipping termination. 
[306.642625ms] Process node with PID 3468 is a zombie, skipping termination. 
[306.826816ms] Process node with PID 3690 is a zombie, skipping termination. 
[306.846245ms] Process node with PID 3468 is a zombie, skipping termination. 
[307.025305ms] Process node with PID 3690 is a zombie, skipping termination. 
[307.039335ms] Process node with PID 3468 is a zombie, skipping termination. 
[307.234325ms] Process node with PID 3690 is a zombie, skipping termination. 
[307.252135ms] Process node with PID 3468 is a zombie, skipping termination. 
[307.479125ms] Process node with PID 3690 is a zombie, skipping termination. 
[307.509475ms] Process node with PID 3468 is a zombie, skipping termination. 
[307.730195ms] Process node with PID 3690 is a zombie, skipping termination. 
[307.746115ms] Process node with PID 3468 is a zombie, skipping termination. 
[307.953675ms] Process node with PID 3690 is a zombie, skipping termination. 
[307.990905ms] Process node with PID 3468 is a zombie, skipping termination. 
[308.209185ms] Process node with PID 3690 is a zombie, skipping termination. 
[308.226955ms] Process node with PID 3468 is a zombie, skipping termination. 
[308.427795ms] Process node with PID 3690 is a zombie, skipping termination. 
[308.454025ms] Process node with PID 3468 is a zombie, skipping termination. 
[308.630415ms] Process node with PID 3690 is a zombie, skipping termination. 
[308.652755ms] Process node with PID 3468 is a zombie, skipping termination. 
[308.856485ms] Process node with PID 3690 is a zombie, skipping termination. 
[308.882935ms] Process node with PID 3468 is a zombie, skipping termination. 
[309.099285ms] Process node with PID 3690 is a zombie, skipping termination. 
[309.121295ms] Process node with PID 3468 is a zombie, skipping termination. 
[309.324085ms] Process node with PID 3690 is a zombie, skipping termination. 
[309.345585ms] Process node with PID 3468 is a zombie, skipping termination. 
[309.520885ms] Process node with PID 3690 is a zombie, skipping termination. 
[309.559065ms] Process node with PID 3468 is a zombie, skipping termination. 
[309.801655ms] Process node with PID 3690 is a zombie, skipping termination. 
[309.825635ms] Process node with PID 3468 is a zombie, skipping termination. 
[310.036465ms] Process node with PID 3690 is a zombie, skipping termination. 
[310.046905ms] Process node with PID 3468 is a zombie, skipping termination. 
[310.243095ms] Process node with PID 3690 is a zombie, skipping termination. 
[310.252425ms] Process node with PID 3468 is a zombie, skipping termination. 
[310.486935ms] Process node with PID 3690 is a zombie, skipping termination. 
[310.533705ms] Process node with PID 3468 is a zombie, skipping termination. 
[310.783085ms] Process node with PID 3690 is a zombie, skipping termination. 
[310.785645ms] Process node with PID 3468 is a zombie, skipping termination. 
[311.466255ms] Process node with PID 3690 is a zombie, skipping termination. 
[311.586755ms] Process node with PID 3468 is a zombie, skipping termination. 
[312.050615ms] Process node with PID 3690 is a zombie, skipping termination. 
[312.056045ms] Process node with PID 3468 is a zombie, skipping termination. 
[312.238945ms] Process node with PID 3690 is a zombie, skipping termination. 
[312.273135ms] Process node with PID 3468 is a zombie, skipping termination. 
[312.418445ms] Process node with PID 3690 is a zombie, skipping termination. 
[312.443535ms] Process node with PID 3468 is a zombie, skipping termination. 
[312.653295ms] Process node with PID 3690 is a zombie, skipping termination. 
[312.663125ms] Process node with PID 3468 is a zombie, skipping termination. 
[312.854205ms] Process node with PID 3468 is a zombie, skipping termination. 
[312.855005ms] Process node with PID 3690 is a zombie, skipping termination. 
[313.035705ms] Process node with PID 3690 is a zombie, skipping termination. 
[313.094995ms] Process node with PID 3468 is a zombie, skipping termination. 
[313.272985ms] Process node with PID 3690 is a zombie, skipping termination. 
[313.296635ms] Process node with PID 3468 is a zombie, skipping termination. 
[313.446475ms] Process node with PID 3690 is a zombie, skipping termination. 
[313.455164ms] Process node with PID 3468 is a zombie, skipping termination. 
[313.619755ms] Process node with PID 3690 is a zombie, skipping termination. 
[313.655404ms] Process node with PID 3468 is a zombie, skipping termination. 
[313.817475ms] Process node with PID 3690 is a zombie, skipping termination. 
[313.845035ms] Process node with PID 3468 is a zombie, skipping termination. 
[313.985924ms] Process node with PID 3690 is a zombie, skipping termination. 
[314.016775ms] Process node with PID 3468 is a zombie, skipping termination. 
[314.171595ms] Process node with PID 3690 is a zombie, skipping termination. 
[314.188364ms] Process node with PID 3468 is a zombie, skipping termination. 
[314.344764ms] Process node with PID 3690 is a zombie, skipping termination. 
[314.361855ms] Process node with PID 3468 is a zombie, skipping termination. 
[314.508564ms] Process node with PID 3690 is a zombie, skipping termination. 
[314.524195ms] Process node with PID 3468 is a zombie, skipping termination. 
[314.664895ms] Process node with PID 3690 is a zombie, skipping termination. 
[314.679735ms] Process node with PID 3468 is a zombie, skipping termination. 
[314.842144ms] Process node with PID 3690 is a zombie, skipping termination. 
[314.870104ms] Process node with PID 3468 is a zombie, skipping termination. 
[315.001675ms] Process node with PID 3690 is a zombie, skipping termination. 
[315.012795ms] Process node with PID 3468 is a zombie, skipping termination. 
[315.206995ms] Process node with PID 3468 is a zombie, skipping termination. 
[315.215424ms] Process node with PID 3690 is a zombie, skipping termination. 
[315.358355ms] Process node with PID 3690 is a zombie, skipping termination. 
[315.373455ms] Process node with PID 3468 is a zombie, skipping termination. 
[315.515644ms] Process node with PID 3690 is a zombie, skipping termination. 
[315.532204ms] Process node with PID 3468 is a zombie, skipping termination. 
[315.689284ms] Process node with PID 3690 is a zombie, skipping termination. 
[315.704875ms] Process node with PID 3468 is a zombie, skipping termination. 
[315.846615ms] Process node with PID 3690 is a zombie, skipping termination. 
[315.862364ms] Process node with PID 3468 is a zombie, skipping termination. 
[316.006964ms] Process node with PID 3690 is a zombie, skipping termination. 
[316.022964ms] Process node with PID 3468 is a zombie, skipping termination. 
[316.161984ms] Process node with PID 3690 is a zombie, skipping termination. 
[316.180444ms] Process node with PID 3468 is a zombie, skipping termination. 
[316.333764ms] Process node with PID 3690 is a zombie, skipping termination. 
[316.363675ms] Process node with PID 3468 is a zombie, skipping termination. 
[316.506415ms] Process node with PID 3690 is a zombie, skipping termination. 
[316.526124ms] Process node with PID 3468 is a zombie, skipping termination. 
[316.669315ms] Process node with PID 3690 is a zombie, skipping termination. 
[316.685264ms] Process node with PID 3468 is a zombie, skipping termination. 
[316.844504ms] Process node with PID 3690 is a zombie, skipping termination. 
[316.863695ms] Process node with PID 3468 is a zombie, skipping termination. 
[317.001795ms] Process node with PID 3690 is a zombie, skipping termination. 
[317.018644ms] Process node with PID 3468 is a zombie, skipping termination. 
[317.183544ms] Process node with PID 3690 is a zombie, skipping termination. 
[317.199635ms] Process node with PID 3468 is a zombie, skipping termination. 
[317.345915ms] Process node with PID 3690 is a zombie, skipping termination. 
[317.366575ms] Process node with PID 3468 is a zombie, skipping termination. 
[317.510315ms] Process node with PID 3690 is a zombie, skipping termination. 
[317.526915ms] Process node with PID 3468 is a zombie, skipping termination. 
[317.713104ms] Process node with PID 3690 is a zombie, skipping termination. 
[317.732294ms] Process node with PID 3468 is a zombie, skipping termination. 
[317.866624ms] Process node with PID 3690 is a zombie, skipping termination. 
[317.914324ms] Process node with PID 3468 is a zombie, skipping termination. 
[318.068934ms] Process node with PID 3690 is a zombie, skipping termination. 
[318.083294ms] Process node with PID 3468 is a zombie, skipping termination. 
[318.226464ms] Process node with PID 3690 is a zombie, skipping termination. 
[318.238384ms] Process node with PID 3468 is a zombie, skipping termination. 
[318.379594ms] Process node with PID 3690 is a zombie, skipping termination. 
[318.394604ms] Process node with PID 3468 is a zombie, skipping termination. 
[318.539944ms] Process node with PID 3690 is a zombie, skipping termination. 
[318.553934ms] Process node with PID 3468 is a zombie, skipping termination. 
[318.687954ms] Process node with PID 3690 is a zombie, skipping termination. 
[318.704214ms] Process node with PID 3468 is a zombie, skipping termination. 
[318.884624ms] Process node with PID 3468 is a zombie, skipping termination. 
[318.885494ms] Process node with PID 3690 is a zombie, skipping termination. 
[319.078234ms] Process node with PID 3690 is a zombie, skipping termination. 
[319.093484ms] Process node with PID 3468 is a zombie, skipping termination. 
[319.232884ms] Process node with PID 3690 is a zombie, skipping termination. 
[319.255304ms] Process node with PID 3468 is a zombie, skipping termination. 
[319.393774ms] Process node with PID 3690 is a zombie, skipping termination. 
[319.409804ms] Process node with PID 3468 is a zombie, skipping termination. 
[319.559654ms] Process node with PID 3690 is a zombie, skipping termination. 
[319.575214ms] Process node with PID 3468 is a zombie, skipping termination. 
[319.733634ms] Process node with PID 3690 is a zombie, skipping termination. 
[319.744354ms] Process node with PID 3468 is a zombie, skipping termination. 
[319.881084ms] Process node with PID 3690 is a zombie, skipping termination. 
[319.900884ms] Process node with PID 3468 is a zombie, skipping termination. 
[320.042964ms] Process node with PID 3690 is a zombie, skipping termination. 
[320.057324ms] Process node with PID 3468 is a zombie, skipping termination. 
[320.198154ms] Process node with PID 3690 is a zombie, skipping termination. 
[320.213934ms] Process node with PID 3468 is a zombie, skipping termination. 
[320.371674ms] Process node with PID 3690 is a zombie, skipping termination. 
[320.386254ms] Process node with PID 3468 is a zombie, skipping termination. 
[320.557524ms] Process node with PID 3690 is a zombie, skipping termination. 
[320.578064ms] Process node with PID 3468 is a zombie, skipping termination. 
[320.739434ms] Process node with PID 3690 is a zombie, skipping termination. 
[320.740954ms] Process node with PID 3468 is a zombie, skipping termination. 
[320.914624ms] Process node with PID 3690 is a zombie, skipping termination. 
[320.929634ms] Process node with PID 3468 is a zombie, skipping termination. 
[321.078284ms] Process node with PID 3690 is a zombie, skipping termination. 
[321.095904ms] Process node with PID 3468 is a zombie, skipping termination. 
[321.245934ms] Process node with PID 3690 is a zombie, skipping termination. 
[321.252604ms] Process node with PID 3468 is a zombie, skipping termination. 
[321.400044ms] Process node with PID 3690 is a zombie, skipping termination. 
[321.418274ms] Process node with PID 3468 is a zombie, skipping termination. 
[321.576624ms] Process node with PID 3690 is a zombie, skipping termination. 
[321.617204ms] Process node with PID 3468 is a zombie, skipping termination. 
[321.789534ms] Process node with PID 3690 is a zombie, skipping termination. 
[321.816164ms] Process node with PID 3468 is a zombie, skipping termination. 
[321.971224ms] Process node with PID 3690 is a zombie, skipping termination. 
[321.990204ms] Process node with PID 3468 is a zombie, skipping termination. 
[322.128504ms] Process node with PID 3690 is a zombie, skipping termination. 
[322.144554ms] Process node with PID 3468 is a zombie, skipping termination. 
[322.296714ms] Process node with PID 3690 is a zombie, skipping termination. 
[322.316904ms] Process node with PID 3468 is a zombie, skipping termination. 
[322.452474ms] Process node with PID 3690 is a zombie, skipping termination. 
[322.474704ms] Process node with PID 3468 is a zombie, skipping termination. 
[322.615514ms] Process node with PID 3690 is a zombie, skipping termination. 
[322.631804ms] Process node with PID 3468 is a zombie, skipping termination. 
[322.777124ms] Process node with PID 3690 is a zombie, skipping termination. 
[322.791164ms] Process node with PID 3468 is a zombie, skipping termination. 
[322.937364ms] Process node with PID 3690 is a zombie, skipping termination. 
[322.955254ms] Process node with PID 3468 is a zombie, skipping termination. 
[323.094274ms] Process node with PID 3690 is a zombie, skipping termination. 
[323.108634ms] Process node with PID 3468 is a zombie, skipping termination. 
[323.258174ms] Process node with PID 3690 is a zombie, skipping termination. 
[323.282434ms] Process node with PID 3468 is a zombie, skipping termination. 
[323.428674ms] Process node with PID 3690 is a zombie, skipping termination. 
[323.443404ms] Process node with PID 3468 is a zombie, skipping termination. 
[323.586424ms] Process node with PID 3690 is a zombie, skipping termination. 
[323.603774ms] Process node with PID 3468 is a zombie, skipping termination. 
[323.745164ms] Process node with PID 3690 is a zombie, skipping termination. 
[323.759694ms] Process node with PID 3468 is a zombie, skipping termination. 
[323.897224ms] Process node with PID 3690 is a zombie, skipping termination. 
[323.911304ms] Process node with PID 3468 is a zombie, skipping termination. 
[324.057644ms] Process node with PID 3690 is a zombie, skipping termination. 
[324.076634ms] Process node with PID 3468 is a zombie, skipping termination. 
[324.222374ms] Process node with PID 3690 is a zombie, skipping termination. 
[324.234294ms] Process node with PID 3468 is a zombie, skipping termination. 
[324.385544ms] Process node with PID 3690 is a zombie, skipping termination. 
[324.402714ms] Process node with PID 3468 is a zombie, skipping termination. 
[324.544894ms] Process node with PID 3690 is a zombie, skipping termination. 
[324.556914ms] Process node with PID 3468 is a zombie, skipping termination. 
[324.702194ms] Process node with PID 3690 is a zombie, skipping termination. 
[324.717864ms] Process node with PID 3468 is a zombie, skipping termination. 
[324.890184ms] Process node with PID 3690 is a zombie, skipping termination. 
[324.898344ms] Process node with PID 3468 is a zombie, skipping termination. 
[325.043884ms] Process node with PID 3690 is a zombie, skipping termination. 
[325.058604ms] Process node with PID 3468 is a zombie, skipping termination. 
[325.198174ms] Process node with PID 3690 is a zombie, skipping termination. 
[325.216364ms] Process node with PID 3468 is a zombie, skipping termination. 
[325.365434ms] Process node with PID 3690 is a zombie, skipping termination. 
[325.379654ms] Process node with PID 3468 is a zombie, skipping termination. 
[325.518864ms] Process node with PID 3690 is a zombie, skipping termination. 
[325.536074ms] Process node with PID 3468 is a zombie, skipping termination. 
[326.442614ms] Process node with PID 3690 is a zombie, skipping termination. 
[326.447664ms] Process node with PID 3468 is a zombie, skipping termination. 
[326.661844ms] Process node with PID 3690 is a zombie, skipping termination. 
[326.710644ms] Process node with PID 3468 is a zombie, skipping termination. 
[326.877784ms] Process node with PID 3690 is a zombie, skipping termination. 
[326.926014ms] Process node with PID 3468 is a zombie, skipping termination. 
[327.172124ms] Process node with PID 3690 is a zombie, skipping termination. 
[327.173964ms] Process node with PID 3468 is a zombie, skipping termination. 
[327.388884ms] Process node with PID 3690 is a zombie, skipping termination. 
[327.413264ms] Process node with PID 3468 is a zombie, skipping termination. 
[327.596234ms] Process node with PID 3690 is a zombie, skipping termination. 
[327.609954ms] Process node with PID 3468 is a zombie, skipping termination. 
[327.810644ms] Process node with PID 3468 is a zombie, skipping termination. 
[327.818004ms] Process node with PID 3690 is a zombie, skipping termination. 
[327.997414ms] Process node with PID 3468 is a zombie, skipping termination. 
[328.002704ms] Process node with PID 3690 is a zombie, skipping termination. 
[328.174674ms] Process node with PID 3690 is a zombie, skipping termination. 
[328.214944ms] Process node with PID 3468 is a zombie, skipping termination. 
[328.402643ms] Process node with PID 3690 is a zombie, skipping termination. 
[328.403074ms] Process node with PID 3468 is a zombie, skipping termination. 
[328.599814ms] Process node with PID 3690 is a zombie, skipping termination. 
[328.617054ms] Process node with PID 3468 is a zombie, skipping termination. 
[328.766663ms] Process node with PID 3690 is a zombie, skipping termination. 
[328.795863ms] Process node with PID 3468 is a zombie, skipping termination. 
[328.940883ms] Process node with PID 3690 is a zombie, skipping termination. 
[328.982683ms] Process node with PID 3468 is a zombie, skipping termination. 
[329.146514ms] Process node with PID 3690 is a zombie, skipping termination. 
[329.147774ms] Process node with PID 3468 is a zombie, skipping termination. 
[329.349353ms] Process node with PID 3468 is a zombie, skipping termination. 
[329.353743ms] Process node with PID 3690 is a zombie, skipping termination. 
[329.497083ms] Process node with PID 3690 is a zombie, skipping termination. 
[329.534643ms] Process node with PID 3468 is a zombie, skipping termination. 
[329.766143ms] Process node with PID 3468 is a zombie, skipping termination. 
[329.766453ms] Process node with PID 3690 is a zombie, skipping termination. 
[329.984523ms] Process node with PID 3690 is a zombie, skipping termination. 
[330.021343ms] Process node with PID 3468 is a zombie, skipping termination. 
[330.229113ms] Process node with PID 3690 is a zombie, skipping termination. 
[330.236713ms] Process node with PID 3468 is a zombie, skipping termination. 
[330.422783ms] Process node with PID 3690 is a zombie, skipping termination. 
[330.425763ms] Process node with PID 3468 is a zombie, skipping termination. 
[330.615583ms] Process node with PID 3690 is a zombie, skipping termination. 
[330.617503ms] Process node with PID 3468 is a zombie, skipping termination. 
[330.807193ms] Process node with PID 3690 is a zombie, skipping termination. 
[330.821903ms] Process node with PID 3468 is a zombie, skipping termination. 
[330.987953ms] Process node with PID 3690 is a zombie, skipping termination. 
[331.006473ms] Process node with PID 3468 is a zombie, skipping termination. 
[331.161303ms] Process node with PID 3690 is a zombie, skipping termination. 
[331.187493ms] Process node with PID 3468 is a zombie, skipping termination. 
[331.356343ms] Process node with PID 3690 is a zombie, skipping termination. 
[331.378183ms] Process node with PID 3468 is a zombie, skipping termination. 
[331.600483ms] Process node with PID 3690 is a zombie, skipping termination. 
[331.616913ms] Process node with PID 3468 is a zombie, skipping termination. 
[331.812873ms] Process node with PID 3690 is a zombie, skipping termination. 
[331.826453ms] Process node with PID 3468 is a zombie, skipping termination. 
[332.012303ms] Process node with PID 3690 is a zombie, skipping termination. 
[332.034963ms] Process node with PID 3468 is a zombie, skipping termination. 
[332.204703ms] Process node with PID 3690 is a zombie, skipping termination. 
[332.229403ms] Process node with PID 3468 is a zombie, skipping termination. 
[332.374423ms] Process node with PID 3690 is a zombie, skipping termination. 
[332.406713ms] Process node with PID 3468 is a zombie, skipping termination. 
[332.570393ms] Process node with PID 3468 is a zombie, skipping termination. 
[332.576083ms] Process node with PID 3690 is a zombie, skipping termination. 
[332.736903ms] Process node with PID 3468 is a zombie, skipping termination. 
[332.737793ms] Process node with PID 3690 is a zombie, skipping termination. 
[332.908233ms] Process node with PID 3690 is a zombie, skipping termination. 
[332.942593ms] Process node with PID 3468 is a zombie, skipping termination. 
[333.120493ms] Process node with PID 3690 is a zombie, skipping termination. 
[333.125373ms] Process node with PID 3468 is a zombie, skipping termination. 
[333.322023ms] Process node with PID 3690 is a zombie, skipping termination. 
[333.409363ms] Process node with PID 3468 is a zombie, skipping termination. 
[333.670023ms] Process node with PID 3468 is a zombie, skipping termination. 
[333.672863ms] Process node with PID 3690 is a zombie, skipping termination. 
[333.856043ms] Process node with PID 3690 is a zombie, skipping termination. 
[333.892523ms] Process node with PID 3468 is a zombie, skipping termination. 
[334.108743ms] Process node with PID 3690 is a zombie, skipping termination. 
[334.110673ms] Process node with PID 3468 is a zombie, skipping termination. 
[334.325963ms] Process node with PID 3468 is a zombie, skipping termination. 
[334.337223ms] Process node with PID 3690 is a zombie, skipping termination. 
[334.512743ms] Process node with PID 3468 is a zombie, skipping termination. 
[334.521673ms] Process node with PID 3690 is a zombie, skipping termination. 
[334.662533ms] Process node with PID 3690 is a zombie, skipping termination. 
[334.701543ms] Process node with PID 3468 is a zombie, skipping termination. 
[334.880733ms] Process node with PID 3468 is a zombie, skipping termination. 
[334.888613ms] Process node with PID 3690 is a zombie, skipping termination. 
[335.066503ms] Process node with PID 3468 is a zombie, skipping termination. 
[335.068573ms] Process node with PID 3690 is a zombie, skipping termination. 
[335.216353ms] Process node with PID 3690 is a zombie, skipping termination. 
[335.249993ms] Process node with PID 3468 is a zombie, skipping termination. 
[335.431733ms] Process node with PID 3468 is a zombie, skipping termination. 
[335.433393ms] Process node with PID 3690 is a zombie, skipping termination. 
[335.582833ms] Process node with PID 3690 is a zombie, skipping termination. 
[335.617383ms] Process node with PID 3468 is a zombie, skipping termination. 
[335.799083ms] Process node with PID 3468 is a zombie, skipping termination. 
[335.807713ms] Process node with PID 3690 is a zombie, skipping termination. 
[335.972733ms] Process node with PID 3468 is a zombie, skipping termination. 
[335.980283ms] Process node with PID 3690 is a zombie, skipping termination. 
[336.119893ms] Process node with PID 3690 is a zombie, skipping termination. 
[336.156123ms] Process node with PID 3468 is a zombie, skipping termination. 
[336.339513ms] Process node with PID 3468 is a zombie, skipping termination. 
[336.344773ms] Process node with PID 3690 is a zombie, skipping termination. 
[336.511253ms] Process node with PID 3690 is a zombie, skipping termination. 
[336.543343ms] Process node with PID 3468 is a zombie, skipping termination. 
[336.721983ms] Process node with PID 3468 is a zombie, skipping termination. 
[336.730513ms] Process node with PID 3690 is a zombie, skipping termination. 
[336.901823ms] Process node with PID 3468 is a zombie, skipping termination. 
[336.904663ms] Process node with PID 3690 is a zombie, skipping termination. 
[337.108733ms] Process node with PID 3468 is a zombie, skipping termination. 
[337.117263ms] Process node with PID 3690 is a zombie, skipping termination. 
[337.274953ms] Process node with PID 3690 is a zombie, skipping termination. 
[337.316183ms] Process node with PID 3468 is a zombie, skipping termination. 
[337.500233ms] Process node with PID 3468 is a zombie, skipping termination. 
[337.505223ms] Process node with PID 3690 is a zombie, skipping termination. 
[337.710373ms] Process node with PID 3690 is a zombie, skipping termination. 
[337.712413ms] Process node with PID 3468 is a zombie, skipping termination. 
[337.941403ms] Process node with PID 3468 is a zombie, skipping termination. 
[337.950923ms] Process node with PID 3690 is a zombie, skipping termination. 
[338.139933ms] Process node with PID 3468 is a zombie, skipping termination. 
[338.148013ms] Process node with PID 3690 is a zombie, skipping termination. 
[338.331183ms] Process node with PID 3690 is a zombie, skipping termination. 
[338.334653ms] Process node with PID 3468 is a zombie, skipping termination. 
[338.546263ms] Process node with PID 3468 is a zombie, skipping termination. 
[338.552713ms] Process node with PID 3690 is a zombie, skipping termination. 
[338.724533ms] Process node with PID 3468 is a zombie, skipping termination. 
[338.732033ms] Process node with PID 3690 is a zombie, skipping termination. 
[338.930253ms] Process node with PID 3468 is a zombie, skipping termination. 
[338.931333ms] Process node with PID 3690 is a zombie, skipping termination. 
[339.105683ms] Process node with PID 3690 is a zombie, skipping termination. 
[339.140053ms] Process node with PID 3468 is a zombie, skipping termination. 
[339.323183ms] Process node with PID 3468 is a zombie, skipping termination. 
[339.328953ms] Process node with PID 3690 is a zombie, skipping termination. 
[339.493363ms] Process node with PID 3468 is a zombie, skipping termination. 
[339.498893ms] Process node with PID 3690 is a zombie, skipping termination. 
[339.665103ms] Process node with PID 3690 is a zombie, skipping termination. 
[339.703473ms] Process node with PID 3468 is a zombie, skipping termination. 
[339.877413ms] Process node with PID 3468 is a zombie, skipping termination. 
[339.887493ms] Process node with PID 3690 is a zombie, skipping termination. 
[340.033762ms] Process node with PID 3690 is a zombie, skipping termination. 
[340.069873ms] Process node with PID 3468 is a zombie, skipping termination. 
[340.255453ms] Process node with PID 3468 is a zombie, skipping termination. 
[340.261393ms] Process node with PID 3690 is a zombie, skipping termination. 
[340.430353ms] Process node with PID 3468 is a zombie, skipping termination. 
[340.434173ms] Process node with PID 3690 is a zombie, skipping termination. 
[340.614553ms] Process node with PID 3468 is a zombie, skipping termination. 
[340.619013ms] Process node with PID 3690 is a zombie, skipping termination. 
[340.789273ms] Process node with PID 3468 is a zombie, skipping termination. 
[340.794793ms] Process node with PID 3690 is a zombie, skipping termination. 
[340.983582ms] Process node with PID 3468 is a zombie, skipping termination. 
[340.988462ms] Process node with PID 3690 is a zombie, skipping termination. 
[341.154662ms] Process node with PID 3468 is a zombie, skipping termination. 
[341.161432ms] Process node with PID 3690 is a zombie, skipping termination. 
[341.351722ms] Process node with PID 3468 is a zombie, skipping termination. 
[341.362852ms] Process node with PID 3690 is a zombie, skipping termination. 
[341.500642ms] Process node with PID 3690 is a zombie, skipping termination. 
[341.534522ms] Process node with PID 3468 is a zombie, skipping termination. 
[341.733752ms] Process node with PID 3468 is a zombie, skipping termination. 
[341.736542ms] Process node with PID 3690 is a zombie, skipping termination. 
[342.173202ms] Couldn't obtain process information for PID 3690. 
[342.290142ms] Couldn't obtain process information for PID 3468. 
[342.795572ms] Finished shutting down all processes. 
